#
# There is insufficient memory for the Java Runtime Environment to continue.
# Native memory allocation (mmap) failed to map 354418688 bytes for committing reserved memory.
# Possible reasons:
#   The system is out of physical RAM or swap space
#   The process is running with CompressedOops enabled, and the Java Heap may be blocking the growth of the native heap
# Possible solutions:
#   Reduce memory load on the system
#   Increase physical memory or swap space
#   Check if swap backing store is full
#   Decrease Java heap size (-Xmx/-Xms)
#   Decrease number of Java threads
#   Decrease Java thread stack sizes (-Xss)
#   Set larger code cache with -XX:ReservedCodeCacheSize=
#   JVM is running with Unscaled Compressed Oops mode in which the Java heap is
#     placed in the first 4GB address space. The Java Heap base address is the
#     maximum limit for the native heap growth. Please use -XX:HeapBaseMinAddress
#     to set the Java Heap base and to place the Java Heap above 4GB virtual address.
# This output file may be truncated or incomplete.
#
#  Out of Memory Error (os_linux.cpp:2720), pid=5639, tid=5647
#
# JRE version: Java(TM) SE Runtime Environment (11.0.2+9) (build 11.0.2+9-LTS)
# Java VM: Java HotSpot(TM) 64-Bit Server VM (11.0.2+9-LTS, mixed mode, tiered, compressed oops, g1 gc, linux-amd64)
# Core dump will be written. Default location: Core dumps may be processed with "/usr/share/apport/apport %p %s %c %d %P" (or dumping to /home/oliver/Documents/projects/MVCwithAuth/core.5639)
#

---------------  S U M M A R Y ------------

Command Line: --add-modules=ALL-SYSTEM --add-opens=java.base/java.util=ALL-UNNAMED --add-opens=java.base/java.lang=ALL-UNNAMED -Declipse.application=org.eclipse.jdt.ls.core.id1 -Dosgi.bundles.defaultStartLevel=4 -Declipse.product=org.eclipse.jdt.ls.core.product -Dfile.encoding=utf8 -Xverify:none -Xmx1G -XX:+UseG1GC -XX:+UseStringDeduplication /home/oliver/.vscode/extensions/redhat.java-0.47.0/server/plugins/org.eclipse.equinox.launcher_1.5.500.v20190715-1310.jar -configuration /home/oliver/.vscode/extensions/redhat.java-0.47.0/server/config_linux -data /home/oliver/.config/Code/User/workspaceStorage/294de0eff9f7d20c86863ff40739527e/redhat.java/jdt_ws

Host: Intel(R) Core(TM) i5-2520M CPU @ 2.50GHz, 4 cores, 7G, Ubuntu 18.04.3 LTS
Time: Sat Aug 24 18:36:19 2019 PDT elapsed time: 81 seconds (0d 0h 1m 21s)

---------------  T H R E A D  ---------------

Current thread (0x00007fa164198800):  VMThread "VM Thread" [stack: 0x00007fa14c5b9000,0x00007fa14c6b9000] [id=5647]

Stack: [0x00007fa14c5b9000,0x00007fa14c6b9000],  sp=0x00007fa14c6b6f10,  free space=1015k
Native frames: (J=compiled Java code, A=aot compiled Java code, j=interpreted, Vv=VM code, C=native code)
V  [libjvm.so+0xe293b7]  VMError::report_and_die(int, char const*, char const*, __va_list_tag*, Thread*, unsigned char*, void*, void*, char const*, int, unsigned long)+0x317
V  [libjvm.so+0xe2a01b]  VMError::report_and_die(Thread*, char const*, int, unsigned long, VMErrorType, char const*, __va_list_tag*)+0x2b
V  [libjvm.so+0x69a4c5]  report_vm_out_of_memory(char const*, int, unsigned long, VMErrorType, char const*, ...)+0xd5
V  [libjvm.so+0xc03898]  os::pd_commit_memory_or_exit(char*, unsigned long, unsigned long, bool, char const*)+0x108
V  [libjvm.so+0xbfadfd]  os::commit_memory_or_exit(char*, unsigned long, unsigned long, bool, char const*)+0x1d
V  [libjvm.so+0x7b321c]  G1PageBasedVirtualSpace::commit_preferred_pages(unsigned long, unsigned long)+0x6c
V  [libjvm.so+0x7b34be]  G1PageBasedVirtualSpace::commit(unsigned long, unsigned long)+0x5e
V  [libjvm.so+0x7bf290]  G1RegionsLargerThanCommitSizeMapper::commit_regions(unsigned int, unsigned long, WorkGang*)+0x40
V  [libjvm.so+0x83acd9]  HeapRegionManager::commit_regions(unsigned int, unsigned long, WorkGang*)+0x89
V  [libjvm.so+0x83b92f]  HeapRegionManager::make_regions_available(unsigned int, unsigned int, WorkGang*)+0x3f
V  [libjvm.so+0x83bdb9]  HeapRegionManager::expand_at(unsigned int, unsigned int, WorkGang*) [clone .part.44]+0x119
V  [libjvm.so+0x777d3f]  G1CollectedHeap::expand(unsigned long, WorkGang*, double*)+0xdf
V  [libjvm.so+0x77ca7a]  G1CollectedHeap::do_collection_pause_at_safepoint(double)+0xa0a
V  [libjvm.so+0xe34fc1]  VM_G1CollectForAllocation::doit()+0x81
V  [libjvm.so+0xe33b57]  VM_Operation::evaluate()+0xe7
V  [libjvm.so+0xe3133f]  VMThread::evaluate_operation(VM_Operation*) [clone .constprop.54]+0xff
V  [libjvm.so+0xe31876]  VMThread::loop()+0x3e6
V  [libjvm.so+0xe31cbb]  VMThread::run()+0x7b
V  [libjvm.so+0xc09750]  thread_native_entry(Thread*)+0xf0

VM_Operation (0x00007fa12c7dec80): G1CollectForAllocation, mode: safepoint, requested by thread 0x00007fa0d8526800


---------------  P R O C E S S  ---------------

Threads class SMR info:
_java_thread_list=0x00007fa10c0021f0, length=25, elements={
0x00007fa164012800, 0x00007fa1641a1000, 0x00007fa1641a5000, 0x00007fa1641c1800,
0x00007fa1641c3800, 0x00007fa1641c5800, 0x00007fa1641c8000, 0x00007fa164271000,
0x00007fa1642d1000, 0x00007fa164565000, 0x00007fa164597000, 0x00007fa164598800,
0x00007fa164856800, 0x00007fa0d831c000, 0x00007fa0d83d6800, 0x00007fa0f81a8000,
0x00007fa0d8526800, 0x00007fa0d8566000, 0x00007fa0f8158800, 0x00007fa164251800,
0x00007fa1646b5800, 0x00007fa0f4003800, 0x00007fa0f4006000, 0x00007fa110661000,
0x00007fa0d4147000
}

Java Threads: ( => current thread )
  0x00007fa164012800 JavaThread "main" [_thread_blocked, id=5640, stack(0x00007fa16c913000,0x00007fa16ca14000)]
  0x00007fa1641a1000 JavaThread "Reference Handler" daemon [_thread_blocked, id=5648, stack(0x00007fa14c4b6000,0x00007fa14c5b7000)]
  0x00007fa1641a5000 JavaThread "Finalizer" daemon [_thread_blocked, id=5649, stack(0x00007fa14c3b5000,0x00007fa14c4b6000)]
  0x00007fa1641c1800 JavaThread "Signal Dispatcher" daemon [_thread_blocked, id=5650, stack(0x00007fa14c2b4000,0x00007fa14c3b5000)]
  0x00007fa1641c3800 JavaThread "C2 CompilerThread0" daemon [_thread_blocked, id=5651, stack(0x00007fa14c1b3000,0x00007fa14c2b4000)]
  0x00007fa1641c5800 JavaThread "C1 CompilerThread0" daemon [_thread_blocked, id=5652, stack(0x00007fa14c0b2000,0x00007fa14c1b3000)]
  0x00007fa1641c8000 JavaThread "Sweeper thread" daemon [_thread_blocked, id=5653, stack(0x00007fa12ed30000,0x00007fa12ee31000)]
  0x00007fa164271000 JavaThread "Common-Cleaner" daemon [_thread_blocked, id=5654, stack(0x00007fa12ec2f000,0x00007fa12ed30000)]
  0x00007fa1642d1000 JavaThread "Service Thread" daemon [_thread_blocked, id=5656, stack(0x00007fa12ea2d000,0x00007fa12eb2e000)]
  0x00007fa164565000 JavaThread "Active Thread: Equinox Container: a23721a4-9573-4a5e-8fd4-ee8bc595c424" [_thread_blocked, id=5667, stack(0x00007fa12dafb000,0x00007fa12dbfc000)]
  0x00007fa164597000 JavaThread "Framework Event Dispatcher: Equinox Container: a23721a4-9573-4a5e-8fd4-ee8bc595c424" daemon [_thread_blocked, id=5668, stack(0x00007fa12d9fa000,0x00007fa12dafb000)]
  0x00007fa164598800 JavaThread "Start Level: Equinox Container: a23721a4-9573-4a5e-8fd4-ee8bc595c424" daemon [_thread_blocked, id=5669, stack(0x00007fa12d8f9000,0x00007fa12d9fa000)]
  0x00007fa164856800 JavaThread "Refresh Thread: Equinox Container: a23721a4-9573-4a5e-8fd4-ee8bc595c424" daemon [_thread_blocked, id=5672, stack(0x00007fa12d5f8000,0x00007fa12d6f9000)]
  0x00007fa0d831c000 JavaThread "Worker-JM" [_thread_blocked, id=5679, stack(0x00007fa12d0e6000,0x00007fa12d1e7000)]
  0x00007fa0d83d6800 JavaThread "Worker-0" [_thread_blocked, id=5680, stack(0x00007fa12eb2e000,0x00007fa12ec2f000)]
  0x00007fa0f81a8000 JavaThread "Worker-1" [_thread_blocked, id=5681, stack(0x00007fa12cbe5000,0x00007fa12cce6000)]
  0x00007fa0d8526800 JavaThread "Java indexing" daemon [_thread_blocked, id=5689, stack(0x00007fa12c6e0000,0x00007fa12c7e1000)]
  0x00007fa0d8566000 JavaThread "Bundle File Closer" daemon [_thread_blocked, id=5690, stack(0x00007fa12c5df000,0x00007fa12c6e0000)]
  0x00007fa0f8158800 JavaThread "Worker-2: Java indexing... " [_thread_blocked, id=5832, stack(0x00007fa12ddfe000,0x00007fa12deff000)]
  0x00007fa164251800 JavaThread "pool-2-thread-1" [_thread_blocked, id=5842, stack(0x00007fa12dbfc000,0x00007fa12dcfd000)]
  0x00007fa1646b5800 JavaThread "pool-1-thread-1" [_thread_in_native, id=5857, stack(0x00007fa12deff000,0x00007fa12e000000)]
  0x00007fa0f4003800 JavaThread "Worker-3: Building workspace" [_thread_blocked, id=5880, stack(0x00007fa0ceffc000,0x00007fa0cf0fd000)]
  0x00007fa0f4006000 JavaThread "Worker-4: Initialize workspace" [_thread_blocked, id=5889, stack(0x00007fa0ceab5000,0x00007fa0cebb6000)]
  0x00007fa110661000 JavaThread "C2 CompilerThread1" daemon [_thread_blocked, id=5908, stack(0x00007fa0cf2fd000,0x00007fa0cf3fe000)]
  0x00007fa0d4147000 JavaThread "Keep-Alive-Timer" daemon [_thread_blocked, id=5932, stack(0x00007fa0cdd8c000,0x00007fa0cde8d000)]

Other Threads:
=>0x00007fa164198800 VMThread "VM Thread" [stack: 0x00007fa14c5b9000,0x00007fa14c6b9000] [id=5647]
  0x00007fa1642d6800 WatcherThread [stack: 0x00007fa12e92d000,0x00007fa12ea2d000] [id=5657]
  0x00007fa16403a800 GCTaskThread "GC Thread#0" [stack: 0x00007fa168e22000,0x00007fa168f22000] [id=5641]
  0x00007fa128001000 GCTaskThread "GC Thread#1" [stack: 0x00007fa12e202000,0x00007fa12e302000] [id=5662]
  0x00007fa12800f800 GCTaskThread "GC Thread#2" [stack: 0x00007fa12cae5000,0x00007fa12cbe5000] [id=5682]
  0x00007fa128011000 GCTaskThread "GC Thread#3" [stack: 0x00007fa12c9e3000,0x00007fa12cae3000] [id=5683]
  0x00007fa164056000 ConcurrentGCThread "G1 Main Marker" [stack: 0x00007fa16831c000,0x00007fa16841c000] [id=5642]
  0x00007fa164058000 ConcurrentGCThread "G1 Conc#0" [stack: 0x00007fa16821a000,0x00007fa16831a000] [id=5643]
  0x00007fa1640cc800 ConcurrentGCThread "G1 Refine#0" [stack: 0x00007fa14c940000,0x00007fa14ca40000] [id=5644]
  0x00007fa1640ce800 ConcurrentGCThread "G1 Young RemSet Sampling" [stack: 0x00007fa14c83e000,0x00007fa14c93e000] [id=5645]
  0x00007fa1640d5800 ConcurrentGCThread "StrDedup" [stack: 0x00007fa14c73c000,0x00007fa14c83c000] [id=5646]

Threads with active compile tasks:
C2 CompilerThread05908       4       org.eclipse.jdt.core.Signature::encodeQualifiedName (203 bytes)
C1 CompilerThread05940 %     3       org.eclipse.jdt.internal.compiler.classfmt.MethodInfo::createMethod @ 41 (713 bytes)
C2 CompilerThread15904       4       org.eclipse.jdt.core.compiler.CharOperation::hashCode (10 bytes)

VM state:at safepoint (normal execution)

VM Mutex/Monitor currently owned by a thread:  ([mutex/lock_event])
[0x00007fa16400ea90] Threads_lock - owner thread: 0x00007fa164198800
[0x00007fa16400f1e0] Heap_lock - owner thread: 0x00007fa0d8526800

Heap address: 0x00000000c0000000, size: 1024 MB, Compressed Oops mode: 32-bit
Narrow klass base: 0x0000000000000000, Narrow klass shift: 3
Compressed class space size: 1073741824 Address: 0x0000000100000000

Heap:
 garbage-first heap   total 529408K, used 98304K [0x00000000c0000000, 0x0000000100000000)
  region size 1024K, 1 young (1024K), 1 survivors (1024K)
 Metaspace       used 49647K, capacity 51871K, committed 52176K, reserved 1095680K
  class space    used 5121K, capacity 5990K, committed 6016K, reserved 1048576K
Heap Regions: E=young(eden), S=young(survivor), O=old, HS=humongous(starts), HC=humongous(continues), CS=collection set, F=free, A=archive, TAMS=top-at-mark-start (previous, next)
|   0|0x00000000c0000000, 0x00000000c0100000, 0x00000000c0100000|100%| O|  |TAMS 0x00000000c0100000, 0x00000000c0000000| Untracked 
|   1|0x00000000c0100000, 0x00000000c0200000, 0x00000000c0200000|100%| O|  |TAMS 0x00000000c0200000, 0x00000000c0100000| Untracked 
|   2|0x00000000c0200000, 0x00000000c0300000, 0x00000000c0300000|100%| O|  |TAMS 0x00000000c0300000, 0x00000000c0200000| Untracked 
|   3|0x00000000c0300000, 0x00000000c0400000, 0x00000000c0400000|100%| O|  |TAMS 0x00000000c0400000, 0x00000000c0300000| Untracked 
|   4|0x00000000c0400000, 0x00000000c0500000, 0x00000000c0500000|100%| O|  |TAMS 0x00000000c0500000, 0x00000000c0400000| Untracked 
|   5|0x00000000c0500000, 0x00000000c0600000, 0x00000000c0600000|100%| O|  |TAMS 0x00000000c0600000, 0x00000000c0500000| Untracked 
|   6|0x00000000c0600000, 0x00000000c0700000, 0x00000000c0700000|100%| O|  |TAMS 0x00000000c0700000, 0x00000000c0600000| Untracked 
|   7|0x00000000c0700000, 0x00000000c0800000, 0x00000000c0800000|100%| O|  |TAMS 0x00000000c0800000, 0x00000000c0700000| Untracked 
|   8|0x00000000c0800000, 0x00000000c0900000, 0x00000000c0900000|100%| O|  |TAMS 0x00000000c0900000, 0x00000000c0800000| Untracked 
|   9|0x00000000c0900000, 0x00000000c0a00000, 0x00000000c0a00000|100%| O|  |TAMS 0x00000000c0a00000, 0x00000000c0900000| Untracked 
|  10|0x00000000c0a00000, 0x00000000c0b00000, 0x00000000c0b00000|100%| O|  |TAMS 0x00000000c0b00000, 0x00000000c0a00000| Untracked 
|  11|0x00000000c0b00000, 0x00000000c0c00000, 0x00000000c0c00000|100%| O|  |TAMS 0x00000000c0c00000, 0x00000000c0b00000| Untracked 
|  12|0x00000000c0c00000, 0x00000000c0d00000, 0x00000000c0d00000|100%| O|  |TAMS 0x00000000c0d00000, 0x00000000c0c00000| Untracked 
|  13|0x00000000c0d00000, 0x00000000c0e00000, 0x00000000c0e00000|100%| O|  |TAMS 0x00000000c0e00000, 0x00000000c0d00000| Untracked 
|  14|0x00000000c0e00000, 0x00000000c0f00000, 0x00000000c0f00000|100%| O|  |TAMS 0x00000000c0f00000, 0x00000000c0e00000| Untracked 
|  15|0x00000000c0f00000, 0x00000000c1000000, 0x00000000c1000000|100%| O|  |TAMS 0x00000000c1000000, 0x00000000c0f00000| Untracked 
|  16|0x00000000c1000000, 0x00000000c1100000, 0x00000000c1100000|100%| O|  |TAMS 0x00000000c1100000, 0x00000000c1000000| Untracked 
|  17|0x00000000c1100000, 0x00000000c1200000, 0x00000000c1200000|100%| O|  |TAMS 0x00000000c1200000, 0x00000000c1100000| Untracked 
|  18|0x00000000c1200000, 0x00000000c1300000, 0x00000000c1300000|100%| O|  |TAMS 0x00000000c1300000, 0x00000000c1200000| Untracked 
|  19|0x00000000c1300000, 0x00000000c1400000, 0x00000000c1400000|100%| O|  |TAMS 0x00000000c1400000, 0x00000000c1300000| Untracked 
|  20|0x00000000c1400000, 0x00000000c1500000, 0x00000000c1500000|100%| O|  |TAMS 0x00000000c1500000, 0x00000000c1400000| Untracked 
|  21|0x00000000c1500000, 0x00000000c1600000, 0x00000000c1600000|100%| O|  |TAMS 0x00000000c1600000, 0x00000000c1500000| Untracked 
|  22|0x00000000c1600000, 0x00000000c1700000, 0x00000000c1700000|100%|HS|  |TAMS 0x00000000c1700000, 0x00000000c1600000| Complete 
|  23|0x00000000c1700000, 0x00000000c1800000, 0x00000000c1800000|100%| O|  |TAMS 0x00000000c1800000, 0x00000000c1700000| Untracked 
|  24|0x00000000c1800000, 0x00000000c1900000, 0x00000000c1900000|100%| O|  |TAMS 0x00000000c1900000, 0x00000000c1800000| Untracked 
|  25|0x00000000c1900000, 0x00000000c1a00000, 0x00000000c1a00000|100%| O|  |TAMS 0x00000000c1a00000, 0x00000000c1900000| Untracked 
|  26|0x00000000c1a00000, 0x00000000c1b00000, 0x00000000c1b00000|100%| O|  |TAMS 0x00000000c1b00000, 0x00000000c1a00000| Untracked 
|  27|0x00000000c1b00000, 0x00000000c1c00000, 0x00000000c1c00000|100%| O|  |TAMS 0x00000000c1c00000, 0x00000000c1b00000| Untracked 
|  28|0x00000000c1c00000, 0x00000000c1d00000, 0x00000000c1d00000|100%| O|  |TAMS 0x00000000c1d00000, 0x00000000c1c00000| Untracked 
|  29|0x00000000c1d00000, 0x00000000c1e00000, 0x00000000c1e00000|100%| O|  |TAMS 0x00000000c1e00000, 0x00000000c1d00000| Untracked 
|  30|0x00000000c1e00000, 0x00000000c1f00000, 0x00000000c1f00000|100%| O|  |TAMS 0x00000000c1f00000, 0x00000000c1e00000| Untracked 
|  31|0x00000000c1f00000, 0x00000000c2000000, 0x00000000c2000000|100%| O|  |TAMS 0x00000000c2000000, 0x00000000c1f00000| Untracked 
|  32|0x00000000c2000000, 0x00000000c2100000, 0x00000000c2100000|100%| O|  |TAMS 0x00000000c2100000, 0x00000000c2000000| Untracked 
|  33|0x00000000c2100000, 0x00000000c2200000, 0x00000000c2200000|100%| O|  |TAMS 0x00000000c2200000, 0x00000000c2100000| Untracked 
|  34|0x00000000c2200000, 0x00000000c2300000, 0x00000000c2300000|100%| O|  |TAMS 0x00000000c2300000, 0x00000000c2200000| Untracked 
|  35|0x00000000c2300000, 0x00000000c2400000, 0x00000000c2400000|100%| O|  |TAMS 0x00000000c2400000, 0x00000000c2300000| Untracked 
|  36|0x00000000c2400000, 0x00000000c2500000, 0x00000000c2500000|100%| O|  |TAMS 0x00000000c2500000, 0x00000000c2400000| Untracked 
|  37|0x00000000c2500000, 0x00000000c2600000, 0x00000000c2600000|100%| O|  |TAMS 0x00000000c2600000, 0x00000000c2500000| Untracked 
|  38|0x00000000c2600000, 0x00000000c2700000, 0x00000000c2700000|100%| O|  |TAMS 0x00000000c2700000, 0x00000000c2600000| Untracked 
|  39|0x00000000c2700000, 0x00000000c2800000, 0x00000000c2800000|100%| O|  |TAMS 0x00000000c2800000, 0x00000000c2700000| Untracked 
|  40|0x00000000c2800000, 0x00000000c2900000, 0x00000000c2900000|100%| O|  |TAMS 0x00000000c2900000, 0x00000000c2800000| Untracked 
|  41|0x00000000c2900000, 0x00000000c2a00000, 0x00000000c2a00000|100%| O|  |TAMS 0x00000000c2a00000, 0x00000000c2900000| Untracked 
|  42|0x00000000c2a00000, 0x00000000c2b00000, 0x00000000c2b00000|100%| O|  |TAMS 0x00000000c2b00000, 0x00000000c2a00000| Untracked 
|  43|0x00000000c2b00000, 0x00000000c2c00000, 0x00000000c2c00000|100%| O|  |TAMS 0x00000000c2c00000, 0x00000000c2b00000| Untracked 
|  44|0x00000000c2c00000, 0x00000000c2d00000, 0x00000000c2d00000|100%| O|  |TAMS 0x00000000c2d00000, 0x00000000c2c00000| Untracked 
|  45|0x00000000c2d00000, 0x00000000c2e00000, 0x00000000c2e00000|100%| O|  |TAMS 0x00000000c2e00000, 0x00000000c2d00000| Untracked 
|  46|0x00000000c2e00000, 0x00000000c2f00000, 0x00000000c2f00000|100%| O|  |TAMS 0x00000000c2f00000, 0x00000000c2e00000| Untracked 
|  47|0x00000000c2f00000, 0x00000000c3000000, 0x00000000c3000000|100%| O|  |TAMS 0x00000000c3000000, 0x00000000c2f00000| Untracked 
|  48|0x00000000c3000000, 0x00000000c3100000, 0x00000000c3100000|100%| O|  |TAMS 0x00000000c3100000, 0x00000000c3000000| Untracked 
|  49|0x00000000c3100000, 0x00000000c3200000, 0x00000000c3200000|100%| O|  |TAMS 0x00000000c3200000, 0x00000000c3100000| Untracked 
|  50|0x00000000c3200000, 0x00000000c3300000, 0x00000000c3300000|100%| O|  |TAMS 0x00000000c3300000, 0x00000000c3200000| Untracked 
|  51|0x00000000c3300000, 0x00000000c3400000, 0x00000000c3400000|100%| O|  |TAMS 0x00000000c3400000, 0x00000000c3300000| Untracked 
|  52|0x00000000c3400000, 0x00000000c3500000, 0x00000000c3500000|100%| O|  |TAMS 0x00000000c3500000, 0x00000000c3400000| Untracked 
|  53|0x00000000c3500000, 0x00000000c3600000, 0x00000000c3600000|100%| O|  |TAMS 0x00000000c3600000, 0x00000000c3500000| Untracked 
|  54|0x00000000c3600000, 0x00000000c3700000, 0x00000000c3700000|100%| O|  |TAMS 0x00000000c3700000, 0x00000000c3600000| Untracked 
|  55|0x00000000c3700000, 0x00000000c3800000, 0x00000000c3800000|100%| O|  |TAMS 0x00000000c3800000, 0x00000000c3700000| Untracked 
|  56|0x00000000c3800000, 0x00000000c3900000, 0x00000000c3900000|100%| O|  |TAMS 0x00000000c3900000, 0x00000000c3800000| Untracked 
|  57|0x00000000c3900000, 0x00000000c3a00000, 0x00000000c3a00000|100%| O|  |TAMS 0x00000000c3a00000, 0x00000000c3900000| Untracked 
|  58|0x00000000c3a00000, 0x00000000c3b00000, 0x00000000c3b00000|100%| O|  |TAMS 0x00000000c3b00000, 0x00000000c3a00000| Untracked 
|  59|0x00000000c3b00000, 0x00000000c3c00000, 0x00000000c3c00000|100%| O|  |TAMS 0x00000000c3c00000, 0x00000000c3b00000| Untracked 
|  60|0x00000000c3c00000, 0x00000000c3d00000, 0x00000000c3d00000|100%|HS|  |TAMS 0x00000000c3d00000, 0x00000000c3c00000| Complete 
|  61|0x00000000c3d00000, 0x00000000c3e00000, 0x00000000c3e00000|100%|HC|  |TAMS 0x00000000c3e00000, 0x00000000c3d00000| Complete 
|  62|0x00000000c3e00000, 0x00000000c3f00000, 0x00000000c3f00000|100%| O|  |TAMS 0x00000000c3f00000, 0x00000000c3e00000| Untracked 
|  63|0x00000000c3f00000, 0x00000000c4000000, 0x00000000c4000000|100%| O|  |TAMS 0x00000000c4000000, 0x00000000c3f00000| Untracked 
|  64|0x00000000c4000000, 0x00000000c4100000, 0x00000000c4100000|100%| O|  |TAMS 0x00000000c4100000, 0x00000000c4000000| Untracked 
|  65|0x00000000c4100000, 0x00000000c4200000, 0x00000000c4200000|100%| O|  |TAMS 0x00000000c4200000, 0x00000000c4100000| Untracked 
|  66|0x00000000c4200000, 0x00000000c4300000, 0x00000000c4300000|100%| O|  |TAMS 0x00000000c4300000, 0x00000000c4200000| Untracked 
|  67|0x00000000c4300000, 0x00000000c4400000, 0x00000000c4400000|100%| O|  |TAMS 0x00000000c4400000, 0x00000000c4300000| Untracked 
|  68|0x00000000c4400000, 0x00000000c4500000, 0x00000000c4500000|100%| O|  |TAMS 0x00000000c4500000, 0x00000000c4400000| Untracked 
|  69|0x00000000c4500000, 0x00000000c4600000, 0x00000000c4600000|100%| O|  |TAMS 0x00000000c4600000, 0x00000000c4500000| Untracked 
|  70|0x00000000c4600000, 0x00000000c4700000, 0x00000000c4700000|100%| O|  |TAMS 0x00000000c4700000, 0x00000000c4600000| Untracked 
|  71|0x00000000c4700000, 0x00000000c4800000, 0x00000000c4800000|100%| O|  |TAMS 0x00000000c4800000, 0x00000000c4700000| Untracked 
|  72|0x00000000c4800000, 0x00000000c4900000, 0x00000000c4900000|100%| O|  |TAMS 0x00000000c4900000, 0x00000000c4800000| Untracked 
|  73|0x00000000c4900000, 0x00000000c4a00000, 0x00000000c4a00000|100%| O|  |TAMS 0x00000000c4a00000, 0x00000000c4900000| Untracked 
|  74|0x00000000c4a00000, 0x00000000c4b00000, 0x00000000c4b00000|100%| O|  |TAMS 0x00000000c4b00000, 0x00000000c4a00000| Untracked 
|  75|0x00000000c4b00000, 0x00000000c4c00000, 0x00000000c4c00000|100%| O|  |TAMS 0x00000000c4c00000, 0x00000000c4b00000| Untracked 
|  76|0x00000000c4c00000, 0x00000000c4d00000, 0x00000000c4d00000|100%| O|  |TAMS 0x00000000c4d00000, 0x00000000c4c00000| Untracked 
|  77|0x00000000c4d00000, 0x00000000c4e00000, 0x00000000c4e00000|100%| O|  |TAMS 0x00000000c4e00000, 0x00000000c4d00000| Untracked 
|  78|0x00000000c4e00000, 0x00000000c4f00000, 0x00000000c4f00000|100%| O|  |TAMS 0x00000000c4f00000, 0x00000000c4e00000| Untracked 
|  79|0x00000000c4f00000, 0x00000000c5000000, 0x00000000c5000000|100%| O|  |TAMS 0x00000000c5000000, 0x00000000c4f00000| Untracked 
|  80|0x00000000c5000000, 0x00000000c5100000, 0x00000000c5100000|100%| O|  |TAMS 0x00000000c5100000, 0x00000000c5000000| Untracked 
|  81|0x00000000c5100000, 0x00000000c5200000, 0x00000000c5200000|100%| O|  |TAMS 0x00000000c5200000, 0x00000000c5100000| Untracked 
|  82|0x00000000c5200000, 0x00000000c5300000, 0x00000000c5300000|100%| O|  |TAMS 0x00000000c5300000, 0x00000000c5200000| Untracked 
|  83|0x00000000c5300000, 0x00000000c5400000, 0x00000000c5400000|100%| O|  |TAMS 0x00000000c5400000, 0x00000000c5300000| Untracked 
|  84|0x00000000c5400000, 0x00000000c5500000, 0x00000000c5500000|100%| O|  |TAMS 0x00000000c5500000, 0x00000000c5400000| Untracked 
|  85|0x00000000c5500000, 0x00000000c5600000, 0x00000000c5600000|100%| O|  |TAMS 0x00000000c5600000, 0x00000000c5500000| Untracked 
|  86|0x00000000c5600000, 0x00000000c5700000, 0x00000000c5700000|100%| O|  |TAMS 0x00000000c5700000, 0x00000000c5600000| Untracked 
|  87|0x00000000c5700000, 0x00000000c5800000, 0x00000000c5800000|100%| O|  |TAMS 0x00000000c5800000, 0x00000000c5700000| Untracked 
|  88|0x00000000c5800000, 0x00000000c5900000, 0x00000000c5900000|100%| O|  |TAMS 0x00000000c5876800, 0x00000000c5800000| Untracked 
|  89|0x00000000c5900000, 0x00000000c5a00000, 0x00000000c5a00000|100%| O|  |TAMS 0x00000000c5900000, 0x00000000c5900000| Untracked 
|  90|0x00000000c5a00000, 0x00000000c5b00000, 0x00000000c5b00000|100%| O|  |TAMS 0x00000000c5a00000, 0x00000000c5a00000| Untracked 
|  91|0x00000000c5b00000, 0x00000000c5c00000, 0x00000000c5c00000|100%| O|  |TAMS 0x00000000c5b00000, 0x00000000c5b00000| Untracked 
|  92|0x00000000c5c00000, 0x00000000c5d00000, 0x00000000c5d00000|100%| O|  |TAMS 0x00000000c5c00000, 0x00000000c5c00000| Untracked 
|  93|0x00000000c5d00000, 0x00000000c5e00000, 0x00000000c5e00000|100%| O|  |TAMS 0x00000000c5d00000, 0x00000000c5d00000| Untracked 
|  94|0x00000000c5e00000, 0x00000000c5f00000, 0x00000000c5f00000|100%| O|  |TAMS 0x00000000c5e00000, 0x00000000c5e00000| Untracked 
|  95|0x00000000c5f00000, 0x00000000c5f00000, 0x00000000c6000000|  0%| F|  |TAMS 0x00000000c5f00000, 0x00000000c5f00000| Untracked 
|  96|0x00000000c6000000, 0x00000000c6000000, 0x00000000c6100000|  0%| F|  |TAMS 0x00000000c6000000, 0x00000000c6000000| Untracked 
|  97|0x00000000c6100000, 0x00000000c6100000, 0x00000000c6200000|  0%| F|  |TAMS 0x00000000c6100000, 0x00000000c6100000| Untracked 
|  98|0x00000000c6200000, 0x00000000c6200000, 0x00000000c6300000|  0%| F|  |TAMS 0x00000000c6200000, 0x00000000c6200000| Untracked 
|  99|0x00000000c6300000, 0x00000000c6300000, 0x00000000c6400000|  0%| F|  |TAMS 0x00000000c6300000, 0x00000000c6300000| Untracked 
| 100|0x00000000c6400000, 0x00000000c6400000, 0x00000000c6500000|  0%| F|  |TAMS 0x00000000c6400000, 0x00000000c6400000| Untracked 
| 101|0x00000000c6500000, 0x00000000c6500000, 0x00000000c6600000|  0%| F|  |TAMS 0x00000000c6500000, 0x00000000c6500000| Untracked 
| 102|0x00000000c6600000, 0x00000000c6600000, 0x00000000c6700000|  0%| F|  |TAMS 0x00000000c6600000, 0x00000000c6600000| Untracked 
| 103|0x00000000c6700000, 0x00000000c6700000, 0x00000000c6800000|  0%| F|  |TAMS 0x00000000c6700000, 0x00000000c6700000| Untracked 
| 104|0x00000000c6800000, 0x00000000c6800000, 0x00000000c6900000|  0%| F|  |TAMS 0x00000000c6800000, 0x00000000c6800000| Untracked 
| 105|0x00000000c6900000, 0x00000000c6900000, 0x00000000c6a00000|  0%| F|  |TAMS 0x00000000c6900000, 0x00000000c6900000| Untracked 
| 106|0x00000000c6a00000, 0x00000000c6a00000, 0x00000000c6b00000|  0%| F|  |TAMS 0x00000000c6a00000, 0x00000000c6a00000| Untracked 
| 107|0x00000000c6b00000, 0x00000000c6b00000, 0x00000000c6c00000|  0%| F|  |TAMS 0x00000000c6b00000, 0x00000000c6b00000| Untracked 
| 108|0x00000000c6c00000, 0x00000000c6c00000, 0x00000000c6d00000|  0%| F|  |TAMS 0x00000000c6c00000, 0x00000000c6c00000| Untracked 
| 109|0x00000000c6d00000, 0x00000000c6d00000, 0x00000000c6e00000|  0%| F|  |TAMS 0x00000000c6d00000, 0x00000000c6d00000| Untracked 
| 110|0x00000000c6e00000, 0x00000000c6e00000, 0x00000000c6f00000|  0%| F|  |TAMS 0x00000000c6e00000, 0x00000000c6e00000| Untracked 
| 111|0x00000000c6f00000, 0x00000000c6f00000, 0x00000000c7000000|  0%| F|  |TAMS 0x00000000c6f00000, 0x00000000c6f00000| Untracked 
| 112|0x00000000c7000000, 0x00000000c7000000, 0x00000000c7100000|  0%| F|  |TAMS 0x00000000c7000000, 0x00000000c7000000| Untracked 
| 113|0x00000000c7100000, 0x00000000c7100000, 0x00000000c7200000|  0%| F|  |TAMS 0x00000000c7100000, 0x00000000c7100000| Untracked 
| 114|0x00000000c7200000, 0x00000000c7200000, 0x00000000c7300000|  0%| F|  |TAMS 0x00000000c7200000, 0x00000000c7200000| Untracked 
| 115|0x00000000c7300000, 0x00000000c7300000, 0x00000000c7400000|  0%| F|  |TAMS 0x00000000c7300000, 0x00000000c7300000| Untracked 
| 116|0x00000000c7400000, 0x00000000c7400000, 0x00000000c7500000|  0%| F|  |TAMS 0x00000000c7400000, 0x00000000c7400000| Untracked 
| 117|0x00000000c7500000, 0x00000000c7500000, 0x00000000c7600000|  0%| F|  |TAMS 0x00000000c7500000, 0x00000000c7500000| Untracked 
| 118|0x00000000c7600000, 0x00000000c7600000, 0x00000000c7700000|  0%| F|  |TAMS 0x00000000c7600000, 0x00000000c7600000| Untracked 
| 119|0x00000000c7700000, 0x00000000c7700000, 0x00000000c7800000|  0%| F|  |TAMS 0x00000000c7700000, 0x00000000c7700000| Untracked 
| 120|0x00000000c7800000, 0x00000000c7800000, 0x00000000c7900000|  0%| F|  |TAMS 0x00000000c7800000, 0x00000000c7800000| Untracked 
| 121|0x00000000c7900000, 0x00000000c7900000, 0x00000000c7a00000|  0%| F|  |TAMS 0x00000000c7900000, 0x00000000c7900000| Untracked 
| 122|0x00000000c7a00000, 0x00000000c7a00000, 0x00000000c7b00000|  0%| F|  |TAMS 0x00000000c7a00000, 0x00000000c7a00000| Untracked 
| 123|0x00000000c7b00000, 0x00000000c7b00000, 0x00000000c7c00000|  0%| F|  |TAMS 0x00000000c7b00000, 0x00000000c7b00000| Untracked 
| 124|0x00000000c7c00000, 0x00000000c7c00000, 0x00000000c7d00000|  0%| F|  |TAMS 0x00000000c7c00000, 0x00000000c7c00000| Untracked 
| 125|0x00000000c7d00000, 0x00000000c7d00000, 0x00000000c7e00000|  0%| F|  |TAMS 0x00000000c7d00000, 0x00000000c7d00000| Untracked 
| 126|0x00000000c7e00000, 0x00000000c7e00000, 0x00000000c7f00000|  0%| F|  |TAMS 0x00000000c7e00000, 0x00000000c7e00000| Untracked 
| 127|0x00000000c7f00000, 0x00000000c7f00000, 0x00000000c8000000|  0%| F|  |TAMS 0x00000000c7f00000, 0x00000000c7f00000| Untracked 
| 128|0x00000000c8000000, 0x00000000c8000000, 0x00000000c8100000|  0%| F|  |TAMS 0x00000000c8000000, 0x00000000c8000000| Untracked 
| 129|0x00000000c8100000, 0x00000000c8100000, 0x00000000c8200000|  0%| F|  |TAMS 0x00000000c8100000, 0x00000000c8100000| Untracked 
| 130|0x00000000c8200000, 0x00000000c8200000, 0x00000000c8300000|  0%| F|  |TAMS 0x00000000c8200000, 0x00000000c8200000| Untracked 
| 131|0x00000000c8300000, 0x00000000c8300000, 0x00000000c8400000|  0%| F|  |TAMS 0x00000000c8300000, 0x00000000c8300000| Untracked 
| 132|0x00000000c8400000, 0x00000000c8400000, 0x00000000c8500000|  0%| F|  |TAMS 0x00000000c8400000, 0x00000000c8400000| Untracked 
| 133|0x00000000c8500000, 0x00000000c8500000, 0x00000000c8600000|  0%| F|  |TAMS 0x00000000c8500000, 0x00000000c8500000| Untracked 
| 134|0x00000000c8600000, 0x00000000c8600000, 0x00000000c8700000|  0%| F|  |TAMS 0x00000000c8600000, 0x00000000c8600000| Untracked 
| 135|0x00000000c8700000, 0x00000000c8700000, 0x00000000c8800000|  0%| F|  |TAMS 0x00000000c8700000, 0x00000000c8700000| Untracked 
| 136|0x00000000c8800000, 0x00000000c8800000, 0x00000000c8900000|  0%| F|  |TAMS 0x00000000c8800000, 0x00000000c8800000| Untracked 
| 137|0x00000000c8900000, 0x00000000c8900000, 0x00000000c8a00000|  0%| F|  |TAMS 0x00000000c8900000, 0x00000000c8900000| Untracked 
| 138|0x00000000c8a00000, 0x00000000c8a00000, 0x00000000c8b00000|  0%| F|  |TAMS 0x00000000c8a00000, 0x00000000c8a00000| Untracked 
| 139|0x00000000c8b00000, 0x00000000c8b00000, 0x00000000c8c00000|  0%| F|  |TAMS 0x00000000c8b00000, 0x00000000c8b00000| Untracked 
| 140|0x00000000c8c00000, 0x00000000c8c00000, 0x00000000c8d00000|  0%| F|  |TAMS 0x00000000c8c00000, 0x00000000c8c00000| Untracked 
| 141|0x00000000c8d00000, 0x00000000c8d00000, 0x00000000c8e00000|  0%| F|  |TAMS 0x00000000c8d00000, 0x00000000c8d00000| Untracked 
| 142|0x00000000c8e00000, 0x00000000c8e00000, 0x00000000c8f00000|  0%| F|  |TAMS 0x00000000c8e00000, 0x00000000c8e00000| Untracked 
| 143|0x00000000c8f00000, 0x00000000c8f00000, 0x00000000c9000000|  0%| F|  |TAMS 0x00000000c8f00000, 0x00000000c8f00000| Untracked 
| 144|0x00000000c9000000, 0x00000000c9000000, 0x00000000c9100000|  0%| F|  |TAMS 0x00000000c9000000, 0x00000000c9000000| Untracked 
| 145|0x00000000c9100000, 0x00000000c9100000, 0x00000000c9200000|  0%| F|  |TAMS 0x00000000c9100000, 0x00000000c9100000| Untracked 
| 146|0x00000000c9200000, 0x00000000c9200000, 0x00000000c9300000|  0%| F|  |TAMS 0x00000000c9200000, 0x00000000c9200000| Untracked 
| 147|0x00000000c9300000, 0x00000000c9300000, 0x00000000c9400000|  0%| F|  |TAMS 0x00000000c9300000, 0x00000000c9300000| Untracked 
| 148|0x00000000c9400000, 0x00000000c9400000, 0x00000000c9500000|  0%| F|  |TAMS 0x00000000c9400000, 0x00000000c9400000| Untracked 
| 149|0x00000000c9500000, 0x00000000c9500000, 0x00000000c9600000|  0%| F|  |TAMS 0x00000000c9500000, 0x00000000c9500000| Untracked 
| 150|0x00000000c9600000, 0x00000000c9600000, 0x00000000c9700000|  0%| F|  |TAMS 0x00000000c9600000, 0x00000000c9600000| Untracked 
| 151|0x00000000c9700000, 0x00000000c9700000, 0x00000000c9800000|  0%| F|  |TAMS 0x00000000c9700000, 0x00000000c9700000| Untracked 
| 152|0x00000000c9800000, 0x00000000c9800000, 0x00000000c9900000|  0%| F|  |TAMS 0x00000000c9800000, 0x00000000c9800000| Untracked 
| 153|0x00000000c9900000, 0x00000000c9900000, 0x00000000c9a00000|  0%| F|  |TAMS 0x00000000c9900000, 0x00000000c9900000| Untracked 
| 154|0x00000000c9a00000, 0x00000000c9a00000, 0x00000000c9b00000|  0%| F|  |TAMS 0x00000000c9a00000, 0x00000000c9a00000| Untracked 
| 155|0x00000000c9b00000, 0x00000000c9b00000, 0x00000000c9c00000|  0%| F|  |TAMS 0x00000000c9b00000, 0x00000000c9b00000| Untracked 
| 156|0x00000000c9c00000, 0x00000000c9c00000, 0x00000000c9d00000|  0%| F|  |TAMS 0x00000000c9c00000, 0x00000000c9c00000| Untracked 
| 157|0x00000000c9d00000, 0x00000000c9d00000, 0x00000000c9e00000|  0%| F|  |TAMS 0x00000000c9d00000, 0x00000000c9d00000| Untracked 
| 158|0x00000000c9e00000, 0x00000000c9e00000, 0x00000000c9f00000|  0%| F|  |TAMS 0x00000000c9e00000, 0x00000000c9e00000| Untracked 
| 159|0x00000000c9f00000, 0x00000000c9f00000, 0x00000000ca000000|  0%| F|  |TAMS 0x00000000c9f00000, 0x00000000c9f00000| Untracked 
| 160|0x00000000ca000000, 0x00000000ca000000, 0x00000000ca100000|  0%| F|  |TAMS 0x00000000ca000000, 0x00000000ca000000| Untracked 
| 161|0x00000000ca100000, 0x00000000ca100000, 0x00000000ca200000|  0%| F|  |TAMS 0x00000000ca100000, 0x00000000ca100000| Untracked 
| 162|0x00000000ca200000, 0x00000000ca200000, 0x00000000ca300000|  0%| F|  |TAMS 0x00000000ca200000, 0x00000000ca200000| Untracked 
| 163|0x00000000ca300000, 0x00000000ca300000, 0x00000000ca400000|  0%| F|  |TAMS 0x00000000ca300000, 0x00000000ca300000| Untracked 
| 164|0x00000000ca400000, 0x00000000ca400000, 0x00000000ca500000|  0%| F|  |TAMS 0x00000000ca400000, 0x00000000ca400000| Untracked 
| 165|0x00000000ca500000, 0x00000000ca500000, 0x00000000ca600000|  0%| F|  |TAMS 0x00000000ca500000, 0x00000000ca500000| Untracked 
| 166|0x00000000ca600000, 0x00000000ca600000, 0x00000000ca700000|  0%| F|  |TAMS 0x00000000ca600000, 0x00000000ca600000| Untracked 
| 167|0x00000000ca700000, 0x00000000ca700000, 0x00000000ca800000|  0%| F|  |TAMS 0x00000000ca700000, 0x00000000ca700000| Untracked 
| 168|0x00000000ca800000, 0x00000000ca800000, 0x00000000ca900000|  0%| F|  |TAMS 0x00000000ca800000, 0x00000000ca800000| Untracked 
| 169|0x00000000ca900000, 0x00000000ca900000, 0x00000000caa00000|  0%| F|  |TAMS 0x00000000ca900000, 0x00000000ca900000| Untracked 
| 170|0x00000000caa00000, 0x00000000cab00000, 0x00000000cab00000|100%| S|CS|TAMS 0x00000000caa00000, 0x00000000caa00000| Complete 
| 171|0x00000000cab00000, 0x00000000cab00000, 0x00000000cac00000|  0%| F|  |TAMS 0x00000000cab00000, 0x00000000cab00000| Untracked 
| 172|0x00000000cac00000, 0x00000000cac00000, 0x00000000cad00000|  0%| F|  |TAMS 0x00000000cac00000, 0x00000000cac00000| Untracked 
| 173|0x00000000cad00000, 0x00000000cad00000, 0x00000000cae00000|  0%| F|  |TAMS 0x00000000cad00000, 0x00000000cad00000| Untracked 
| 174|0x00000000cae00000, 0x00000000cae00000, 0x00000000caf00000|  0%| F|  |TAMS 0x00000000cae00000, 0x00000000cae00000| Untracked 
| 175|0x00000000caf00000, 0x00000000caf00000, 0x00000000cb000000|  0%| F|  |TAMS 0x00000000caf00000, 0x00000000caf00000| Untracked 
| 176|0x00000000cb000000, 0x00000000cb000000, 0x00000000cb100000|  0%| F|  |TAMS 0x00000000cb000000, 0x00000000cb000000| Untracked 
| 177|0x00000000cb100000, 0x00000000cb100000, 0x00000000cb200000|  0%| F|  |TAMS 0x00000000cb100000, 0x00000000cb100000| Untracked 
| 178|0x00000000cb200000, 0x00000000cb200000, 0x00000000cb300000|  0%| F|  |TAMS 0x00000000cb200000, 0x00000000cb200000| Untracked 

Card table byte_map: [0x00007fa16861c000,0x00007fa16881c000] _byte_map_base: 0x00007fa16801c000

Marking Bits (Prev, Next): (CMBitMap*) 0x00007fa164051368, (CMBitMap*) 0x00007fa1640513a0
 Prev Bits: [0x00007fa147000000, 0x00007fa148000000)
 Next Bits: [0x00007fa146000000, 0x00007fa147000000)

Polling page: 0x00007fa16ca34000

Metaspace:

Usage:
  Non-class:     44.81 MB capacity,    43.48 MB ( 97%) used,     1.24 MB (  3%) free+waste,    87.88 KB ( <1%) overhead. 
      Class:      5.85 MB capacity,     5.00 MB ( 85%) used,   828.09 KB ( 14%) free+waste,    40.50 KB ( <1%) overhead. 
       Both:     50.66 MB capacity,    48.48 MB ( 96%) used,     2.05 MB (  4%) free+waste,   128.38 KB ( <1%) overhead. 

Virtual space:
  Non-class space:       46.00 MB reserved,      45.08 MB ( 98%) committed 
      Class space:        1.00 GB reserved,       5.88 MB ( <1%) committed 
             Both:        1.04 GB reserved,      50.95 MB (  5%) committed 

Chunk freelists:
   Non-Class:  12.88 KB
       Class:  0 bytes
        Both:  12.88 KB

CodeHeap 'non-profiled nmethods': size=120032Kb used=3058Kb max_used=3058Kb free=116973Kb
 bounds [0x00007fa15470a000, 0x00007fa154a0a000, 0x00007fa15bc42000]
CodeHeap 'profiled nmethods': size=120032Kb used=12498Kb max_used=12498Kb free=107533Kb
 bounds [0x00007fa14d1d2000, 0x00007fa14de12000, 0x00007fa15470a000]
CodeHeap 'non-nmethods': size=5696Kb used=1213Kb max_used=1291Kb free=4483Kb
 bounds [0x00007fa14cc42000, 0x00007fa14ceb2000, 0x00007fa14d1d2000]
 total_blobs=7725 nmethods=5239 adapters=514
 compilation: enabled
              stopped_count=0, restarted_count=0
 full_count=0

Compilation events (10 events):
Event: 50.790 Thread 0x00007fa110661000 5907       4       org.eclipse.jdt.core.Signature::checkArrayDimension (92 bytes)
Event: 50.790 Thread 0x00007fa1641c3800 5908       4       org.eclipse.jdt.core.Signature::encodeQualifiedName (203 bytes)
Event: 51.215 Thread 0x00007fa1641c5800 nmethod 5925 0x00007fa14de0cb10 code [0x00007fa14de0cee0, 0x00007fa14de0e938]
Event: 51.339 Thread 0x00007fa1641c5800 5927  s    2       org.eclipse.jdt.internal.compiler.classfmt.MethodInfo::readModifierRelatedAttributes (216 bytes)
Event: 57.717 Thread 0x00007fa1641c5800 nmethod 5927 0x00007fa14de0f710 code [0x00007fa14de0f940, 0x00007fa14de10078]
Event: 58.029 Thread 0x00007fa1641c5800 5930       2       org.eclipse.jdt.internal.core.builder.ClasspathJrt::getModule (67 bytes)
Event: 62.568 Thread 0x00007fa1641c5800 nmethod 5930 0x00007fa14de10490 code [0x00007fa14de106a0, 0x00007fa14de10a58]
Event: 70.554 Thread 0x00007fa1641c5800 5940 %     3       org.eclipse.jdt.internal.compiler.classfmt.MethodInfo::createMethod @ 41 (713 bytes)
Event: 71.209 Thread 0x00007fa110661000 nmethod 5907 0x00007fa154a06390 code [0x00007fa154a06520, 0x00007fa154a06778]
Event: 71.431 Thread 0x00007fa110661000 5904       4       org.eclipse.jdt.core.compiler.CharOperation::hashCode (10 bytes)

GC Heap History (10 events):
Event: 47.552 GC heap after
{Heap after GC invocations=17 (full 0):
 garbage-first heap   total 152576K, used 81785K [0x00000000c0000000, 0x0000000100000000)
  region size 1024K, 6 young (6144K), 6 survivors (6144K)
 Metaspace       used 49275K, capacity 51581K, committed 51920K, reserved 1095680K
  class space    used 5087K, capacity 5980K, committed 6016K, reserved 1048576K
}
Event: 48.293 GC heap before
{Heap before GC invocations=18 (full 0):
 garbage-first heap   total 152576K, used 123769K [0x00000000c0000000, 0x0000000100000000)
  region size 1024K, 48 young (49152K), 6 survivors (6144K)
 Metaspace       used 49458K, capacity 51737K, committed 51920K, reserved 1095680K
  class space    used 5105K, capacity 5988K, committed 6016K, reserved 1048576K
}
Event: 48.567 GC heap after
{Heap after GC invocations=19 (full 0):
 garbage-first heap   total 183296K, used 85848K [0x00000000c0000000, 0x0000000100000000)
  region size 1024K, 6 young (6144K), 6 survivors (6144K)
 Metaspace       used 49458K, capacity 51737K, committed 51920K, reserved 1095680K
  class space    used 5105K, capacity 5988K, committed 6016K, reserved 1048576K
}
Event: 49.538 GC heap before
{Heap before GC invocations=19 (full 0):
 garbage-first heap   total 183296K, used 143192K [0x00000000c0000000, 0x0000000100000000)
  region size 1024K, 62 young (63488K), 6 survivors (6144K)
 Metaspace       used 49536K, capacity 51801K, committed 52176K, reserved 1095680K
  class space    used 5112K, capacity 5988K, committed 6016K, reserved 1048576K
}
Event: 50.154 GC heap after
{Heap after GC invocations=20 (full 0):
 garbage-first heap   total 183296K, used 90336K [0x00000000c0000000, 0x0000000100000000)
  region size 1024K, 5 young (5120K), 5 survivors (5120K)
 Metaspace       used 49536K, capacity 51801K, committed 52176K, reserved 1095680K
  class space    used 5112K, capacity 5988K, committed 6016K, reserved 1048576K
}
Event: 63.052 GC heap before
{Heap before GC invocations=20 (full 0):
 garbage-first heap   total 183296K, used 146656K [0x00000000c0000000, 0x0000000100000000)
  region size 1024K, 60 young (61440K), 5 survivors (5120K)
 Metaspace       used 49639K, capacity 51871K, committed 52176K, reserved 1095680K
  class space    used 5121K, capacity 5990K, committed 6016K, reserved 1048576K
}
Event: 68.867 GC heap after
{Heap after GC invocations=21 (full 0):
 garbage-first heap   total 183296K, used 97179K [0x00000000c0000000, 0x0000000100000000)
  region size 1024K, 7 young (7168K), 7 survivors (7168K)
 Metaspace       used 49639K, capacity 51871K, committed 52176K, reserved 1095680K
  class space    used 5121K, capacity 5990K, committed 6016K, reserved 1048576K
}
Event: 74.848 GC heap before
{Heap before GC invocations=21 (full 0):
 garbage-first heap   total 183296K, used 98203K [0x00000000c0000000, 0x0000000100000000)
  region size 1024K, 8 young (8192K), 7 survivors (7168K)
 Metaspace       used 49646K, capacity 51871K, committed 52176K, reserved 1095680K
  class space    used 5121K, capacity 5990K, committed 6016K, reserved 1048576K
}
Event: 76.687 GC heap after
{Heap after GC invocations=22 (full 0):
 garbage-first heap   total 183296K, used 98179K [0x00000000c0000000, 0x0000000100000000)
  region size 1024K, 1 young (1024K), 1 survivors (1024K)
 Metaspace       used 49646K, capacity 51871K, committed 52176K, reserved 1095680K
  class space    used 5121K, capacity 5990K, committed 6016K, reserved 1048576K
}
Event: 79.679 GC heap before
{Heap before GC invocations=23 (full 0):
 garbage-first heap   total 183296K, used 104323K [0x00000000c0000000, 0x0000000100000000)
  region size 1024K, 8 young (8192K), 1 survivors (1024K)
 Metaspace       used 49647K, capacity 51871K, committed 52176K, reserved 1095680K
  class space    used 5121K, capacity 5990K, committed 6016K, reserved 1048576K
}

Deoptimization events (10 events):
Event: 44.512 Thread 0x00007fa0d83d6800 Uncommon trap: reason=profile_predicate action=maybe_recompile pc=0x00007fa15499a8c0 method=java.util.regex.Pattern$CharPropertyGreedy.match(Ljava/util/regex/Matcher;ILjava/lang/CharSequence;)Z @ 9 c2
Event: 44.952 Thread 0x00007fa0d8526800 Uncommon trap: reason=unstable_if action=reinterpret pc=0x00007fa154994234 method=org.eclipse.jdt.internal.compiler.classfmt.MethodInfo.decodeLocalVariableAttribute(II)V @ 14 c2
Event: 45.995 Thread 0x00007fa0d83d6800 Uncommon trap: reason=class_check action=maybe_recompile pc=0x00007fa154846e28 method=java.io.DataOutputStream.write(I)V @ 5 c2
Event: 45.999 Thread 0x00007fa0d83d6800 Uncommon trap: reason=bimorphic_or_optimized_type_check action=maybe_recompile pc=0x00007fa15483c694 method=java.io.DataOutputStream.writeShort(I)V @ 12 c2
Event: 46.089 Thread 0x00007fa1646b5800 Uncommon trap: reason=bimorphic_or_optimized_type_check action=maybe_recompile pc=0x00007fa15491bb5c method=java.util.stream.Sink$ChainedReference.cancellationRequested()Z @ 4 c2
Event: 46.089 Thread 0x00007fa1646b5800 Uncommon trap: reason=bimorphic_or_optimized_type_check action=maybe_recompile pc=0x00007fa15491bb5c method=java.util.stream.Sink$ChainedReference.cancellationRequested()Z @ 4 c2
Event: 46.089 Thread 0x00007fa1646b5800 Uncommon trap: reason=bimorphic_or_optimized_type_check action=maybe_recompile pc=0x00007fa15491bb5c method=java.util.stream.Sink$ChainedReference.cancellationRequested()Z @ 4 c2
Event: 46.089 Thread 0x00007fa1646b5800 Uncommon trap: reason=bimorphic_or_optimized_type_check action=maybe_recompile pc=0x00007fa15491bb5c method=java.util.stream.Sink$ChainedReference.cancellationRequested()Z @ 4 c2
Event: 50.395 Thread 0x00007fa0d8526800 Uncommon trap: reason=unstable_if action=reinterpret pc=0x00007fa15499d2a4 method=org.eclipse.jdt.internal.compiler.classfmt.MethodInfo.createMethod([B[IIJ)Lorg/eclipse/jdt/internal/compiler/classfmt/MethodInfo; @ 167 c2
Event: 50.525 Thread 0x00007fa0d8526800 Uncommon trap: reason=unstable_if action=reinterpret pc=0x00007fa1549a6f0c method=org.eclipse.jdt.internal.compiler.classfmt.MethodInfo.readModifierRelatedAttributes()V @ 136 c2

Classes redefined (0 events):
No events

Internal exceptions (10 events):
Event: 39.617 Thread 0x00007fa0f81a8000 Implicit null exception at 0x00007fa154810718 to 0x00007fa154810dba
Event: 41.045 Thread 0x00007fa0d8526800 Implicit null exception at 0x00007fa15493e9cf to 0x00007fa15493eace
Event: 45.895 Thread 0x00007fa0d83d6800 Exception <a 'sun/nio/fs/UnixException'{0x00000000c7688930}> (0x00000000c7688930) thrown at [/scratch/opt/mach5/mesos/work_dir/slaves/2dd962d0-8988-479b-a804-57ab764ada59-S1222/frameworks/1735e8a2-a1db-478c-8104-60c8b0af87dd-0196/executors/1fd16cd3-bd2f-4
Event: 46.175 Thread 0x00007fa1646b5800 Exception <a 'sun/nio/fs/UnixException'{0x00000000c61ae380}> (0x00000000c61ae380) thrown at [/scratch/opt/mach5/mesos/work_dir/slaves/2dd962d0-8988-479b-a804-57ab764ada59-S1222/frameworks/1735e8a2-a1db-478c-8104-60c8b0af87dd-0196/executors/1fd16cd3-bd2f-4
Event: 46.177 Thread 0x00007fa1646b5800 Exception <a 'sun/nio/fs/UnixException'{0x00000000c61c0e58}> (0x00000000c61c0e58) thrown at [/scratch/opt/mach5/mesos/work_dir/slaves/2dd962d0-8988-479b-a804-57ab764ada59-S1222/frameworks/1735e8a2-a1db-478c-8104-60c8b0af87dd-0196/executors/1fd16cd3-bd2f-4
Event: 46.746 Thread 0x00007fa0d83d6800 Exception <a 'java/lang/NoSuchMethodError'{0x00000000c7b95040}: java.lang.invoke.DirectMethodHandle$Holder.invokeSpecial(Ljava/lang/Object;Ljava/lang/Object;Ljava/lang/Object;Ljava/lang/Object;Ljava/lang/Object;Ljava/lang/Object;Ljava/lang/Object;Ljava/la
Event: 46.746 Thread 0x00007fa0d83d6800 Exception <a 'java/lang/NoSuchMethodError'{0x00000000c7b98ce8}: java.lang.invoke.Invokers$Holder.linkToTargetMethod(Ljava/lang/Object;Ljava/lang/Object;Ljava/lang/Object;Ljava/lang/Object;Ljava/lang/Object;Ljava/lang/Object;Ljava/lang/Object;Ljava/lang/Ob
Event: 48.010 Thread 0x00007fa0f4003800 Exception <a 'java/io/FileNotFoundException'{0x00000000c80049b8}> (0x00000000c80049b8) thrown at [/scratch/opt/mach5/mesos/work_dir/slaves/2dd962d0-8988-479b-a804-57ab764ada59-S1222/frameworks/1735e8a2-a1db-478c-8104-60c8b0af87dd-0196/executors/1fd16cd3-b
Event: 48.038 Thread 0x00007fa0f4003800 Exception <a 'java/io/FileNotFoundException'{0x00000000c8006a40}> (0x00000000c8006a40) thrown at [/scratch/opt/mach5/mesos/work_dir/slaves/2dd962d0-8988-479b-a804-57ab764ada59-S1222/frameworks/1735e8a2-a1db-478c-8104-60c8b0af87dd-0196/executors/1fd16cd3-b
Event: 48.038 Thread 0x00007fa0f4003800 Exception <a 'java/io/FileNotFoundException'{0x00000000c77066a0}> (0x00000000c77066a0) thrown at [/scratch/opt/mach5/mesos/work_dir/slaves/2dd962d0-8988-479b-a804-57ab764ada59-S1222/frameworks/1735e8a2-a1db-478c-8104-60c8b0af87dd-0196/executors/1fd16cd3-b

Events (10 events):
Event: 76.935 Executing VM operation: G1CollectForAllocation done
Event: 77.010 Executing VM operation: RevokeBias
Event: 77.106 Executing VM operation: RevokeBias done
Event: 77.116 Executing VM operation: RevokeBias
Event: 77.626 Executing VM operation: RevokeBias done
Event: 77.742 Executing VM operation: CGC_Operation
Event: 78.444 Executing VM operation: CGC_Operation done
Event: 78.706 loading class org/eclipse/osgi/framework/internal/reliablefile/ReliableFileInputStream
Event: 78.706 loading class org/eclipse/osgi/framework/internal/reliablefile/ReliableFileInputStream done
Event: 78.764 Executing VM operation: G1CollectForAllocation


Dynamic libraries:
00400000-00401000 r-xp 00000000 08:02 6036380                            /usr/lib/jvm/java-11-oracle/bin/java
00600000-00601000 r--p 00000000 08:02 6036380                            /usr/lib/jvm/java-11-oracle/bin/java
00601000-00602000 rw-p 00001000 08:02 6036380                            /usr/lib/jvm/java-11-oracle/bin/java
00fdc000-0101e000 rw-p 00000000 00:00 0                                  [heap]
c0000000-cb300000 rw-p 00000000 00:00 0 
e0500000-100000000 ---p 00000000 00:00 0 
100000000-1005e0000 rw-p 00000000 00:00 0 
1005e0000-140000000 ---p 00000000 00:00 0 
7fa0bfc42000-7fa0c8000000 r--s 00000000 08:02 5910374                    /usr/lib/jvm/java-11-oracle/lib/modules
7fa0c8000000-7fa0c80c3000 rw-p 00000000 00:00 0 
7fa0c80c3000-7fa0cc000000 ---p 00000000 00:00 0 
7fa0cdb8c000-7fa0cdccc000 rw-p 00000000 00:00 0 
7fa0cdccc000-7fa0cdd8c000 ---p 00000000 00:00 0 
7fa0cdd8c000-7fa0cdd90000 ---p 00000000 00:00 0 
7fa0cdd90000-7fa0ce08d000 rw-p 00000000 00:00 0 
7fa0ce08d000-7fa0ce0a4000 r-xp 00000000 08:02 9704236                    /lib/x86_64-linux-gnu/libresolv-2.27.so
7fa0ce0a4000-7fa0ce2a4000 ---p 00017000 08:02 9704236                    /lib/x86_64-linux-gnu/libresolv-2.27.so
7fa0ce2a4000-7fa0ce2a5000 r--p 00017000 08:02 9704236                    /lib/x86_64-linux-gnu/libresolv-2.27.so
7fa0ce2a5000-7fa0ce2a6000 rw-p 00018000 08:02 9704236                    /lib/x86_64-linux-gnu/libresolv-2.27.so
7fa0ce2a6000-7fa0ce2a8000 rw-p 00000000 00:00 0 
7fa0ce2a8000-7fa0ce2ad000 r-xp 00000000 08:02 9704185                    /lib/x86_64-linux-gnu/libnss_dns-2.27.so
7fa0ce2ad000-7fa0ce4ad000 ---p 00005000 08:02 9704185                    /lib/x86_64-linux-gnu/libnss_dns-2.27.so
7fa0ce4ad000-7fa0ce4ae000 r--p 00005000 08:02 9704185                    /lib/x86_64-linux-gnu/libnss_dns-2.27.so
7fa0ce4ae000-7fa0ce4af000 rw-p 00006000 08:02 9704185                    /lib/x86_64-linux-gnu/libnss_dns-2.27.so
7fa0ce4af000-7fa0ce4b1000 r-xp 00000000 08:02 9704193                    /lib/x86_64-linux-gnu/libnss_mdns4_minimal.so.2
7fa0ce4b1000-7fa0ce6b0000 ---p 00002000 08:02 9704193                    /lib/x86_64-linux-gnu/libnss_mdns4_minimal.so.2
7fa0ce6b0000-7fa0ce6b1000 r--p 00001000 08:02 9704193                    /lib/x86_64-linux-gnu/libnss_mdns4_minimal.so.2
7fa0ce6b1000-7fa0ce6b2000 rw-p 00002000 08:02 9704193                    /lib/x86_64-linux-gnu/libnss_mdns4_minimal.so.2
7fa0ce6b2000-7fa0ce8b2000 rw-p 00000000 00:00 0 
7fa0ce8b2000-7fa0ce8b4000 r-xp 00000000 08:02 5910022                    /usr/lib/jvm/java-11-oracle/lib/libextnet.so
7fa0ce8b4000-7fa0ceab3000 ---p 00002000 08:02 5910022                    /usr/lib/jvm/java-11-oracle/lib/libextnet.so
7fa0ceab3000-7fa0ceab4000 r--p 00001000 08:02 5910022                    /usr/lib/jvm/java-11-oracle/lib/libextnet.so
7fa0ceab4000-7fa0ceab5000 rw-p 00002000 08:02 5910022                    /usr/lib/jvm/java-11-oracle/lib/libextnet.so
7fa0ceab5000-7fa0ceab9000 ---p 00000000 00:00 0 
7fa0ceab9000-7fa0cedb6000 rw-p 00000000 00:00 0 
7fa0cedb6000-7fa0cedf6000 r-xp 00000000 08:02 5910370                    /usr/lib/jvm/java-11-oracle/lib/libsunec.so
7fa0cedf6000-7fa0ceff5000 ---p 00040000 08:02 5910370                    /usr/lib/jvm/java-11-oracle/lib/libsunec.so
7fa0ceff5000-7fa0ceffa000 r--p 0003f000 08:02 5910370                    /usr/lib/jvm/java-11-oracle/lib/libsunec.so
7fa0ceffa000-7fa0ceffc000 rw-p 00044000 08:02 5910370                    /usr/lib/jvm/java-11-oracle/lib/libsunec.so
7fa0ceffc000-7fa0cf000000 ---p 00000000 00:00 0 
7fa0cf000000-7fa0cf2fd000 rw-p 00000000 00:00 0 
7fa0cf2fd000-7fa0cf301000 ---p 00000000 00:00 0 
7fa0cf301000-7fa0cf3fe000 rw-p 00000000 00:00 0 
7fa0cf3fe000-7fa0cf402000 ---p 00000000 00:00 0 
7fa0cf402000-7fa0cf4ff000 rw-p 00000000 00:00 0 
7fa0cf4ff000-7fa0cf503000 ---p 00000000 00:00 0 
7fa0cf503000-7fa0cf800000 rw-p 00000000 00:00 0 
7fa0cf800000-7fa0cfa00000 rw-p 00000000 00:00 0 
7fa0cfa00000-7fa0cfbe8000 rw-p 00000000 00:00 0 
7fa0cfbe8000-7fa0cfc00000 ---p 00000000 00:00 0 
7fa0cfc00000-7fa0cfe00000 rw-p 00000000 00:00 0 
7fa0cfe00000-7fa0d0000000 rw-p 00000000 00:00 0 
7fa0d0000000-7fa0d021c000 rw-p 00000000 00:00 0 
7fa0d021c000-7fa0d4000000 ---p 00000000 00:00 0 
7fa0d4000000-7fa0d41bb000 rw-p 00000000 00:00 0 
7fa0d41bb000-7fa0d8000000 ---p 00000000 00:00 0 
7fa0d8000000-7fa0d8a64000 rw-p 00000000 00:00 0 
7fa0d8a64000-7fa0dc000000 ---p 00000000 00:00 0 
7fa0dc000000-7fa0dc026000 rw-p 00000000 00:00 0 
7fa0dc026000-7fa0e0000000 ---p 00000000 00:00 0 
7fa0e0000000-7fa0e0445000 rw-p 00000000 00:00 0 
7fa0e0445000-7fa0e4000000 ---p 00000000 00:00 0 
7fa0e4000000-7fa0e4021000 rw-p 00000000 00:00 0 
7fa0e4021000-7fa0e8000000 ---p 00000000 00:00 0 
7fa0e8000000-7fa0e82cf000 rw-p 00000000 00:00 0 
7fa0e82cf000-7fa0ec000000 ---p 00000000 00:00 0 
7fa0ec000000-7fa0ec3e8000 rw-p 00000000 00:00 0 
7fa0ec3e8000-7fa0f0000000 ---p 00000000 00:00 0 
7fa0f0000000-7fa0f19d3000 rw-p 00000000 00:00 0 
7fa0f19d3000-7fa0f4000000 ---p 00000000 00:00 0 
7fa0f4000000-7fa0f4346000 rw-p 00000000 00:00 0 
7fa0f4346000-7fa0f8000000 ---p 00000000 00:00 0 
7fa0f8000000-7fa0f9483000 rw-p 00000000 00:00 0 
7fa0f9483000-7fa0fc000000 ---p 00000000 00:00 0 
7fa0fc000000-7fa0fc037000 rw-p 00000000 00:00 0 
7fa0fc037000-7fa100000000 ---p 00000000 00:00 0 
7fa100000000-7fa100021000 rw-p 00000000 00:00 0 
7fa100021000-7fa104000000 ---p 00000000 00:00 0 
7fa104000000-7fa104021000 rw-p 00000000 00:00 0 
7fa104021000-7fa108000000 ---p 00000000 00:00 0 
7fa108000000-7fa108021000 rw-p 00000000 00:00 0 
7fa108021000-7fa10c000000 ---p 00000000 00:00 0 
7fa10c000000-7fa10c142000 rw-p 00000000 00:00 0 
7fa10c142000-7fa110000000 ---p 00000000 00:00 0 
7fa110000000-7fa110aaf000 rw-p 00000000 00:00 0 
7fa110aaf000-7fa114000000 ---p 00000000 00:00 0 
7fa114000000-7fa114021000 rw-p 00000000 00:00 0 
7fa114021000-7fa118000000 ---p 00000000 00:00 0 
7fa118000000-7fa118021000 rw-p 00000000 00:00 0 
7fa118021000-7fa11c000000 ---p 00000000 00:00 0 
7fa11c000000-7fa11eb48000 rw-p 00000000 00:00 0 
7fa11eb48000-7fa120000000 ---p 00000000 00:00 0 
7fa120000000-7fa120021000 rw-p 00000000 00:00 0 
7fa120021000-7fa124000000 ---p 00000000 00:00 0 
7fa124000000-7fa124021000 rw-p 00000000 00:00 0 
7fa124021000-7fa128000000 ---p 00000000 00:00 0 
7fa128000000-7fa12848d000 rw-p 00000000 00:00 0 
7fa12848d000-7fa12c000000 ---p 00000000 00:00 0 
7fa12c0de000-7fa12c2de000 rw-p 00000000 00:00 0 
7fa12c2de000-7fa12c2e2000 ---p 00000000 00:00 0 
7fa12c2e2000-7fa12c5df000 rw-p 00000000 00:00 0 
7fa12c5df000-7fa12c5e3000 ---p 00000000 00:00 0 
7fa12c5e3000-7fa12c6e0000 rw-p 00000000 00:00 0 
7fa12c6e0000-7fa12c6e4000 ---p 00000000 00:00 0 
7fa12c6e4000-7fa12c9e1000 rw-p 00000000 00:00 0 
7fa12c9e1000-7fa12c9e2000 ---p 00000000 00:00 0 
7fa12c9e2000-7fa12cae3000 rw-p 00000000 00:00 0 
7fa12cae3000-7fa12cae4000 ---p 00000000 00:00 0 
7fa12cae4000-7fa12cbe5000 rw-p 00000000 00:00 0 
7fa12cbe5000-7fa12cbe9000 ---p 00000000 00:00 0 
7fa12cbe9000-7fa12ced2000 rw-p 00000000 00:00 0 
7fa12ced2000-7fa12cee6000 ---p 00000000 00:00 0 
7fa12cee6000-7fa12d0e6000 rw-p 00000000 00:00 0 
7fa12d0e6000-7fa12d0ea000 ---p 00000000 00:00 0 
7fa12d0ea000-7fa12d3e7000 rw-p 00000000 00:00 0 
7fa12d3e7000-7fa12d3f7000 r-xp 00000000 08:02 930232                     /home/oliver/.vscode/extensions/redhat.java-0.47.0/server/config_linux/org.eclipse.equinox.launcher/org.eclipse.equinox.launcher.gtk.linux.x86_64_1.1.1100.v20190715-0945/eclipse_1801.so
7fa12d3f7000-7fa12d5f6000 ---p 00010000 08:02 930232                     /home/oliver/.vscode/extensions/redhat.java-0.47.0/server/config_linux/org.eclipse.equinox.launcher/org.eclipse.equinox.launcher.gtk.linux.x86_64_1.1.1100.v20190715-0945/eclipse_1801.so
7fa12d5f6000-7fa12d5f7000 r--p 0000f000 08:02 930232                     /home/oliver/.vscode/extensions/redhat.java-0.47.0/server/config_linux/org.eclipse.equinox.launcher/org.eclipse.equinox.launcher.gtk.linux.x86_64_1.1.1100.v20190715-0945/eclipse_1801.so
7fa12d5f7000-7fa12d5f8000 rw-p 00010000 08:02 930232                     /home/oliver/.vscode/extensions/redhat.java-0.47.0/server/config_linux/org.eclipse.equinox.launcher/org.eclipse.equinox.launcher.gtk.linux.x86_64_1.1.1100.v20190715-0945/eclipse_1801.so
7fa12d5f8000-7fa12d5fc000 ---p 00000000 00:00 0 
7fa12d5fc000-7fa12d8f9000 rw-p 00000000 00:00 0 
7fa12d8f9000-7fa12d8fd000 ---p 00000000 00:00 0 
7fa12d8fd000-7fa12d9fa000 rw-p 00000000 00:00 0 
7fa12d9fa000-7fa12d9fe000 ---p 00000000 00:00 0 
7fa12d9fe000-7fa12dafb000 rw-p 00000000 00:00 0 
7fa12dafb000-7fa12daff000 ---p 00000000 00:00 0 
7fa12daff000-7fa12dbfc000 rw-p 00000000 00:00 0 
7fa12dbfc000-7fa12dc00000 ---p 00000000 00:00 0 
7fa12dc00000-7fa12dcfd000 rw-p 00000000 00:00 0 
7fa12dcfd000-7fa12dd01000 ---p 00000000 00:00 0 
7fa12dd01000-7fa12ddfe000 rw-p 00000000 00:00 0 
7fa12ddfe000-7fa12de02000 ---p 00000000 00:00 0 
7fa12de02000-7fa12deff000 rw-p 00000000 00:00 0 
7fa12deff000-7fa12df03000 ---p 00000000 00:00 0 
7fa12df03000-7fa12e200000 rw-p 00000000 00:00 0 
7fa12e200000-7fa12e201000 ---p 00000000 00:00 0 
7fa12e201000-7fa12e502000 rw-p 00000000 00:00 0 
7fa12e502000-7fa12e518000 r-xp 00000000 08:02 5910041                    /usr/lib/jvm/java-11-oracle/lib/libnet.so
7fa12e518000-7fa12e718000 ---p 00016000 08:02 5910041                    /usr/lib/jvm/java-11-oracle/lib/libnet.so
7fa12e718000-7fa12e719000 r--p 00016000 08:02 5910041                    /usr/lib/jvm/java-11-oracle/lib/libnet.so
7fa12e719000-7fa12e71a000 rw-p 00017000 08:02 5910041                    /usr/lib/jvm/java-11-oracle/lib/libnet.so
7fa12e71a000-7fa12e72a000 r-xp 00000000 08:02 5910042                    /usr/lib/jvm/java-11-oracle/lib/libnio.so
7fa12e72a000-7fa12e929000 ---p 00010000 08:02 5910042                    /usr/lib/jvm/java-11-oracle/lib/libnio.so
7fa12e929000-7fa12e92a000 r--p 0000f000 08:02 5910042                    /usr/lib/jvm/java-11-oracle/lib/libnio.so
7fa12e92a000-7fa12e92b000 rw-p 00010000 08:02 5910042                    /usr/lib/jvm/java-11-oracle/lib/libnio.so
7fa12e92b000-7fa12e92c000 ---p 00000000 00:00 0 
7fa12e92c000-7fa12ea2d000 rw-p 00000000 00:00 0 
7fa12ea2d000-7fa12ea31000 ---p 00000000 00:00 0 
7fa12ea31000-7fa12eb2e000 rw-p 00000000 00:00 0 
7fa12eb2e000-7fa12eb32000 ---p 00000000 00:00 0 
7fa12eb32000-7fa12ec2f000 rw-p 00000000 00:00 0 
7fa12ec2f000-7fa12ec33000 ---p 00000000 00:00 0 
7fa12ec33000-7fa12ed30000 rw-p 00000000 00:00 0 
7fa12ed30000-7fa12ed34000 ---p 00000000 00:00 0 
7fa12ed34000-7fa12ee31000 rw-p 00000000 00:00 0 
7fa12ee31000-7fa12f800000 r--p 00000000 08:02 5905019                    /usr/lib/locale/locale-archive
7fa12f800000-7fa130000000 rw-p 00000000 00:00 0 
7fa130000000-7fa130021000 rw-p 00000000 00:00 0 
7fa130021000-7fa134000000 ---p 00000000 00:00 0 
7fa134000000-7fa1342e8000 rw-p 00000000 00:00 0 
7fa1342e8000-7fa138000000 ---p 00000000 00:00 0 
7fa138000000-7fa1380c5000 rw-p 00000000 00:00 0 
7fa1380c5000-7fa13c000000 ---p 00000000 00:00 0 
7fa13c000000-7fa13c021000 rw-p 00000000 00:00 0 
7fa13c021000-7fa140000000 ---p 00000000 00:00 0 
7fa140000000-7fa140021000 rw-p 00000000 00:00 0 
7fa140021000-7fa144000000 ---p 00000000 00:00 0 
7fa144000000-7fa1462cc000 rw-p 00000000 00:00 0 
7fa1462cc000-7fa147000000 ---p 00000000 00:00 0 
7fa147000000-7fa1472cc000 rw-p 00000000 00:00 0 
7fa1472cc000-7fa148000000 ---p 00000000 00:00 0 
7fa148000000-7fa148038000 rw-p 00000000 00:00 0 
7fa148038000-7fa14c000000 ---p 00000000 00:00 0 
7fa14c0b2000-7fa14c0b6000 ---p 00000000 00:00 0 
7fa14c0b6000-7fa14c1b3000 rw-p 00000000 00:00 0 
7fa14c1b3000-7fa14c1b7000 ---p 00000000 00:00 0 
7fa14c1b7000-7fa14c2b4000 rw-p 00000000 00:00 0 
7fa14c2b4000-7fa14c2b8000 ---p 00000000 00:00 0 
7fa14c2b8000-7fa14c3b5000 rw-p 00000000 00:00 0 
7fa14c3b5000-7fa14c3b9000 ---p 00000000 00:00 0 
7fa14c3b9000-7fa14c4b6000 rw-p 00000000 00:00 0 
7fa14c4b6000-7fa14c4ba000 ---p 00000000 00:00 0 
7fa14c4ba000-7fa14c5b7000 rw-p 00000000 00:00 0 
7fa14c5b7000-7fa14c5b8000 ---p 00000000 00:00 0 
7fa14c5b8000-7fa14c73a000 rw-p 00000000 00:00 0 
7fa14c73a000-7fa14c73b000 ---p 00000000 00:00 0 
7fa14c73b000-7fa14c83c000 rw-p 00000000 00:00 0 
7fa14c83c000-7fa14c83d000 ---p 00000000 00:00 0 
7fa14c83d000-7fa14c93e000 rw-p 00000000 00:00 0 
7fa14c93e000-7fa14c93f000 ---p 00000000 00:00 0 
7fa14c93f000-7fa14cc42000 rw-p 00000000 00:00 0 
7fa14cc42000-7fa14ceb2000 rwxp 00000000 00:00 0 
7fa14ceb2000-7fa14d1d2000 ---p 00000000 00:00 0 
7fa14d1d2000-7fa14de12000 rwxp 00000000 00:00 0 
7fa14de12000-7fa15470a000 ---p 00000000 00:00 0 
7fa15470a000-7fa154a0a000 rwxp 00000000 00:00 0 
7fa154a0a000-7fa15bc42000 ---p 00000000 00:00 0 
7fa15bc42000-7fa164000000 r--s 00000000 08:02 5910374                    /usr/lib/jvm/java-11-oracle/lib/modules
7fa164000000-7fa16485b000 rw-p 00000000 00:00 0 
7fa16485b000-7fa168000000 ---p 00000000 00:00 0 
7fa168016000-7fa168218000 rw-p 00000000 00:00 0 
7fa168218000-7fa168219000 ---p 00000000 00:00 0 
7fa168219000-7fa16831a000 rw-p 00000000 00:00 0 
7fa16831a000-7fa16831b000 ---p 00000000 00:00 0 
7fa16831b000-7fa168476000 rw-p 00000000 00:00 0 
7fa168476000-7fa16861c000 ---p 00000000 00:00 0 
7fa16861c000-7fa168676000 rw-p 00000000 00:00 0 
7fa168676000-7fa16881c000 ---p 00000000 00:00 0 
7fa16881c000-7fa168876000 rw-p 00000000 00:00 0 
7fa168876000-7fa168a1c000 ---p 00000000 00:00 0 
7fa168a1c000-7fa168e20000 rw-p 00000000 00:00 0 
7fa168e20000-7fa168e21000 ---p 00000000 00:00 0 
7fa168e21000-7fa168f28000 rw-p 00000000 00:00 0 
7fa168f28000-7fa16900d000 ---p 00000000 00:00 0 
7fa16900d000-7fa169026000 rw-p 00000000 00:00 0 
7fa169026000-7fa1690f8000 ---p 00000000 00:00 0 
7fa1690f8000-7fa169113000 r-xp 00000000 08:02 5910033                    /usr/lib/jvm/java-11-oracle/lib/libjimage.so
7fa169113000-7fa169312000 ---p 0001b000 08:02 5910033                    /usr/lib/jvm/java-11-oracle/lib/libjimage.so
7fa169312000-7fa169314000 r--p 0001a000 08:02 5910033                    /usr/lib/jvm/java-11-oracle/lib/libjimage.so
7fa169314000-7fa169315000 rw-p 0001c000 08:02 5910033                    /usr/lib/jvm/java-11-oracle/lib/libjimage.so
7fa169315000-7fa16931c000 r-xp 00000000 08:02 5910373                    /usr/lib/jvm/java-11-oracle/lib/libzip.so
7fa16931c000-7fa16951b000 ---p 00007000 08:02 5910373                    /usr/lib/jvm/java-11-oracle/lib/libzip.so
7fa16951b000-7fa16951c000 r--p 00006000 08:02 5910373                    /usr/lib/jvm/java-11-oracle/lib/libzip.so
7fa16951c000-7fa16951d000 rw-p 00007000 08:02 5910373                    /usr/lib/jvm/java-11-oracle/lib/libzip.so
7fa16951d000-7fa169528000 r-xp 00000000 08:02 9704187                    /lib/x86_64-linux-gnu/libnss_files-2.27.so
7fa169528000-7fa169727000 ---p 0000b000 08:02 9704187                    /lib/x86_64-linux-gnu/libnss_files-2.27.so
7fa169727000-7fa169728000 r--p 0000a000 08:02 9704187                    /lib/x86_64-linux-gnu/libnss_files-2.27.so
7fa169728000-7fa169729000 rw-p 0000b000 08:02 9704187                    /lib/x86_64-linux-gnu/libnss_files-2.27.so
7fa169729000-7fa16972f000 rw-p 00000000 00:00 0 
7fa16972f000-7fa169746000 r-xp 00000000 08:02 9704181                    /lib/x86_64-linux-gnu/libnsl-2.27.so
7fa169746000-7fa169945000 ---p 00017000 08:02 9704181                    /lib/x86_64-linux-gnu/libnsl-2.27.so
7fa169945000-7fa169946000 r--p 00016000 08:02 9704181                    /lib/x86_64-linux-gnu/libnsl-2.27.so
7fa169946000-7fa169947000 rw-p 00017000 08:02 9704181                    /lib/x86_64-linux-gnu/libnsl-2.27.so
7fa169947000-7fa169949000 rw-p 00000000 00:00 0 
7fa169949000-7fa169954000 r-xp 00000000 08:02 9704198                    /lib/x86_64-linux-gnu/libnss_nis-2.27.so
7fa169954000-7fa169b53000 ---p 0000b000 08:02 9704198                    /lib/x86_64-linux-gnu/libnss_nis-2.27.so
7fa169b53000-7fa169b54000 r--p 0000a000 08:02 9704198                    /lib/x86_64-linux-gnu/libnss_nis-2.27.so
7fa169b54000-7fa169b55000 rw-p 0000b000 08:02 9704198                    /lib/x86_64-linux-gnu/libnss_nis-2.27.so
7fa169b55000-7fa169b5d000 r-xp 00000000 08:02 9704183                    /lib/x86_64-linux-gnu/libnss_compat-2.27.so
7fa169b5d000-7fa169d5d000 ---p 00008000 08:02 9704183                    /lib/x86_64-linux-gnu/libnss_compat-2.27.so
7fa169d5d000-7fa169d5e000 r--p 00008000 08:02 9704183                    /lib/x86_64-linux-gnu/libnss_compat-2.27.so
7fa169d5e000-7fa169d5f000 rw-p 00009000 08:02 9704183                    /lib/x86_64-linux-gnu/libnss_compat-2.27.so
7fa169d5f000-7fa169d88000 r-xp 00000000 08:02 5910029                    /usr/lib/jvm/java-11-oracle/lib/libjava.so
7fa169d88000-7fa169f88000 ---p 00029000 08:02 5910029                    /usr/lib/jvm/java-11-oracle/lib/libjava.so
7fa169f88000-7fa169f89000 r--p 00029000 08:02 5910029                    /usr/lib/jvm/java-11-oracle/lib/libjava.so
7fa169f89000-7fa169f8b000 rw-p 0002a000 08:02 5910029                    /usr/lib/jvm/java-11-oracle/lib/libjava.so
7fa169f8b000-7fa169f98000 r-xp 00000000 08:02 5910372                    /usr/lib/jvm/java-11-oracle/lib/libverify.so
7fa169f98000-7fa16a197000 ---p 0000d000 08:02 5910372                    /usr/lib/jvm/java-11-oracle/lib/libverify.so
7fa16a197000-7fa16a199000 r--p 0000c000 08:02 5910372                    /usr/lib/jvm/java-11-oracle/lib/libverify.so
7fa16a199000-7fa16a19a000 rw-p 0000e000 08:02 5910372                    /usr/lib/jvm/java-11-oracle/lib/libverify.so
7fa16a19a000-7fa16a1a1000 r-xp 00000000 08:02 9704238                    /lib/x86_64-linux-gnu/librt-2.27.so
7fa16a1a1000-7fa16a3a0000 ---p 00007000 08:02 9704238                    /lib/x86_64-linux-gnu/librt-2.27.so
7fa16a3a0000-7fa16a3a1000 r--p 00006000 08:02 9704238                    /lib/x86_64-linux-gnu/librt-2.27.so
7fa16a3a1000-7fa16a3a2000 rw-p 00007000 08:02 9704238                    /lib/x86_64-linux-gnu/librt-2.27.so
7fa16a3a2000-7fa16a53f000 r-xp 00000000 08:02 9704160                    /lib/x86_64-linux-gnu/libm-2.27.so
7fa16a53f000-7fa16a73e000 ---p 0019d000 08:02 9704160                    /lib/x86_64-linux-gnu/libm-2.27.so
7fa16a73e000-7fa16a73f000 r--p 0019c000 08:02 9704160                    /lib/x86_64-linux-gnu/libm-2.27.so
7fa16a73f000-7fa16a740000 rw-p 0019d000 08:02 9704160                    /lib/x86_64-linux-gnu/libm-2.27.so
7fa16a740000-7fa16b87f000 r-xp 00000000 08:02 6036374                    /usr/lib/jvm/java-11-oracle/lib/server/libjvm.so
7fa16b87f000-7fa16ba7f000 ---p 0113f000 08:02 6036374                    /usr/lib/jvm/java-11-oracle/lib/server/libjvm.so
7fa16ba7f000-7fa16bb3e000 r--p 0113f000 08:02 6036374                    /usr/lib/jvm/java-11-oracle/lib/server/libjvm.so
7fa16bb3e000-7fa16bb77000 rw-p 011fe000 08:02 6036374                    /usr/lib/jvm/java-11-oracle/lib/server/libjvm.so
7fa16bb77000-7fa16bbcd000 rw-p 00000000 00:00 0 
7fa16bbcd000-7fa16bdb4000 r-xp 00000000 08:02 9704097                    /lib/x86_64-linux-gnu/libc-2.27.so
7fa16bdb4000-7fa16bfb4000 ---p 001e7000 08:02 9704097                    /lib/x86_64-linux-gnu/libc-2.27.so
7fa16bfb4000-7fa16bfb8000 r--p 001e7000 08:02 9704097                    /lib/x86_64-linux-gnu/libc-2.27.so
7fa16bfb8000-7fa16bfba000 rw-p 001eb000 08:02 9704097                    /lib/x86_64-linux-gnu/libc-2.27.so
7fa16bfba000-7fa16bfbe000 rw-p 00000000 00:00 0 
7fa16bfbe000-7fa16bfc1000 r-xp 00000000 08:02 9704120                    /lib/x86_64-linux-gnu/libdl-2.27.so
7fa16bfc1000-7fa16c1c0000 ---p 00003000 08:02 9704120                    /lib/x86_64-linux-gnu/libdl-2.27.so
7fa16c1c0000-7fa16c1c1000 r--p 00002000 08:02 9704120                    /lib/x86_64-linux-gnu/libdl-2.27.so
7fa16c1c1000-7fa16c1c2000 rw-p 00003000 08:02 9704120                    /lib/x86_64-linux-gnu/libdl-2.27.so
7fa16c1c2000-7fa16c1d2000 r-xp 00000000 08:02 6036359                    /usr/lib/jvm/java-11-oracle/lib/jli/libjli.so
7fa16c1d2000-7fa16c3d1000 ---p 00010000 08:02 6036359                    /usr/lib/jvm/java-11-oracle/lib/jli/libjli.so
7fa16c3d1000-7fa16c3d2000 r--p 0000f000 08:02 6036359                    /usr/lib/jvm/java-11-oracle/lib/jli/libjli.so
7fa16c3d2000-7fa16c3d3000 rw-p 00010000 08:02 6036359                    /usr/lib/jvm/java-11-oracle/lib/jli/libjli.so
7fa16c3d3000-7fa16c3ed000 r-xp 00000000 08:02 9704230                    /lib/x86_64-linux-gnu/libpthread-2.27.so
7fa16c3ed000-7fa16c5ec000 ---p 0001a000 08:02 9704230                    /lib/x86_64-linux-gnu/libpthread-2.27.so
7fa16c5ec000-7fa16c5ed000 r--p 00019000 08:02 9704230                    /lib/x86_64-linux-gnu/libpthread-2.27.so
7fa16c5ed000-7fa16c5ee000 rw-p 0001a000 08:02 9704230                    /lib/x86_64-linux-gnu/libpthread-2.27.so
7fa16c5ee000-7fa16c5f2000 rw-p 00000000 00:00 0 
7fa16c5f2000-7fa16c60e000 r-xp 00000000 08:02 9704269                    /lib/x86_64-linux-gnu/libz.so.1.2.11
7fa16c60e000-7fa16c80d000 ---p 0001c000 08:02 9704269                    /lib/x86_64-linux-gnu/libz.so.1.2.11
7fa16c80d000-7fa16c80e000 r--p 0001b000 08:02 9704269                    /lib/x86_64-linux-gnu/libz.so.1.2.11
7fa16c80e000-7fa16c80f000 rw-p 0001c000 08:02 9704269                    /lib/x86_64-linux-gnu/libz.so.1.2.11
7fa16c80f000-7fa16c836000 r-xp 00000000 08:02 9704069                    /lib/x86_64-linux-gnu/ld-2.27.so
7fa16c873000-7fa16c877000 ---p 00000000 00:00 0 
7fa16c877000-7fa16c913000 rw-p 00000000 00:00 0 
7fa16c913000-7fa16c917000 ---p 00000000 00:00 0 
7fa16c917000-7fa16ca18000 rw-p 00000000 00:00 0 
7fa16ca20000-7fa16ca25000 rw-p 00000000 00:00 0 
7fa16ca25000-7fa16ca2c000 ---p 00000000 00:00 0 
7fa16ca2c000-7fa16ca34000 rw-s 00000000 08:02 5777266                    /tmp/hsperfdata_oliver/5639
7fa16ca34000-7fa16ca35000 ---p 00000000 00:00 0 
7fa16ca35000-7fa16ca36000 r--p 00000000 00:00 0 
7fa16ca36000-7fa16ca37000 r--p 00027000 08:02 9704069                    /lib/x86_64-linux-gnu/ld-2.27.so
7fa16ca37000-7fa16ca38000 rw-p 00028000 08:02 9704069                    /lib/x86_64-linux-gnu/ld-2.27.so
7fa16ca38000-7fa16ca39000 rw-p 00000000 00:00 0 
7ffc948f1000-7ffc94913000 rw-p 00000000 00:00 0                          [stack]
7ffc9494c000-7ffc9494f000 r--p 00000000 00:00 0                          [vvar]
7ffc9494f000-7ffc94951000 r-xp 00000000 00:00 0                          [vdso]
ffffffffff600000-ffffffffff601000 r-xp 00000000 00:00 0                  [vsyscall]


VM Arguments:
jvm_args: --add-modules=ALL-SYSTEM --add-opens=java.base/java.util=ALL-UNNAMED --add-opens=java.base/java.lang=ALL-UNNAMED -Declipse.application=org.eclipse.jdt.ls.core.id1 -Dosgi.bundles.defaultStartLevel=4 -Declipse.product=org.eclipse.jdt.ls.core.product -Dfile.encoding=utf8 -Xverify:none -Xmx1G -XX:+UseG1GC -XX:+UseStringDeduplication 
java_command: /home/oliver/.vscode/extensions/redhat.java-0.47.0/server/plugins/org.eclipse.equinox.launcher_1.5.500.v20190715-1310.jar -configuration /home/oliver/.vscode/extensions/redhat.java-0.47.0/server/config_linux -data /home/oliver/.config/Code/User/workspaceStorage/294de0eff9f7d20c86863ff40739527e/redhat.java/jdt_ws
java_class_path (initial): /home/oliver/.vscode/extensions/redhat.java-0.47.0/server/plugins/org.eclipse.equinox.launcher_1.5.500.v20190715-1310.jar
Launcher Type: SUN_STANDARD

[Global flags]
     bool BytecodeVerificationLocal                = false                                     {product} {command line}
     bool BytecodeVerificationRemote               = false                                     {product} {command line}
     intx CICompilerCount                          = 3                                         {product} {ergonomic}
     uint ConcGCThreads                            = 1                                         {product} {ergonomic}
     uint G1ConcRefinementThreads                  = 4                                         {product} {ergonomic}
   size_t G1HeapRegionSize                         = 1048576                                   {product} {ergonomic}
    uintx GCDrainStackTargetSize                   = 64                                        {product} {ergonomic}
   size_t InitialHeapSize                          = 130023424                                 {product} {ergonomic}
   size_t MarkStackSize                            = 4194304                                   {product} {ergonomic}
   size_t MaxHeapSize                              = 1073741824                                {product} {command line}
   size_t MaxNewSize                               = 643825664                                 {product} {ergonomic}
   size_t MinHeapDeltaBytes                        = 1048576                                   {product} {ergonomic}
    uintx NonNMethodCodeHeapSize                   = 5830092                                {pd product} {ergonomic}
    uintx NonProfiledCodeHeapSize                  = 122914074                              {pd product} {ergonomic}
    uintx ProfiledCodeHeapSize                     = 122914074                              {pd product} {ergonomic}
    uintx ReservedCodeCacheSize                    = 251658240                              {pd product} {ergonomic}
     bool SegmentedCodeCache                       = true                                      {product} {ergonomic}
     bool UseCompressedClassPointers               = true                                 {lp64_product} {ergonomic}
     bool UseCompressedOops                        = true                                 {lp64_product} {ergonomic}
     bool UseG1GC                                  = true                                      {product} {command line}
     bool UseStringDeduplication                   = true                                      {product} {command line}

Logging:
Log output configuration:
 #0: stdout all=warning uptime,level,tags
 #1: stderr all=off uptime,level,tags

Environment Variables:
JAVA_HOME=/usr/lib/jvm/java-11-oracle
PATH=/home/oliver/.nvm/versions/node/v12.4.0/bin:/home/oliver/.dotnet/tools:/home/oliver/.genymotion/genymotion:/home/oliver/Android/Sdk/platform-tools:/home/oliver/Android/Sdk/tools:/home/oliver/flutter/bin/flutter:/home/oliver/flutter/bin:/usr/local/sbin:/usr/local/bin:/usr/sbin:/usr/bin:/sbin:/bin:/usr/games:/usr/local/games:/snap/bin:/home/oliver/.dotnet/tools:/usr/lib/jvm/java-11-oracle/bin:/usr/lib/jvm/java-11-oracle/db/bin
USERNAME=oliver
SHELL=/bin/bash
DISPLAY=:0

Signal Handlers:
SIGSEGV: [libjvm.so+0xe2adf0], sa_mask[0]=11111111011111111101111111111110, sa_flags=SA_RESTART|SA_SIGINFO
SIGBUS: [libjvm.so+0xe2adf0], sa_mask[0]=11111111011111111101111111111110, sa_flags=SA_RESTART|SA_SIGINFO
SIGFPE: [libjvm.so+0xe2adf0], sa_mask[0]=11111111011111111101111111111110, sa_flags=SA_RESTART|SA_SIGINFO
SIGPIPE: [libjvm.so+0xbff5b0], sa_mask[0]=11111111011111111101111111111110, sa_flags=SA_RESTART|SA_SIGINFO
SIGXFSZ: [libjvm.so+0xbff5b0], sa_mask[0]=11111111011111111101111111111110, sa_flags=SA_RESTART|SA_SIGINFO
SIGILL: [libjvm.so+0xe2adf0], sa_mask[0]=11111111011111111101111111111110, sa_flags=SA_RESTART|SA_SIGINFO
SIGUSR2: [libjvm.so+0xbff450], sa_mask[0]=00000000000000000000000000000000, sa_flags=SA_RESTART|SA_SIGINFO
SIGHUP: [libjvm.so+0xbff7b0], sa_mask[0]=11111111011111111101111111111110, sa_flags=SA_RESTART|SA_SIGINFO
SIGINT: [libjvm.so+0xbff7b0], sa_mask[0]=11111111011111111101111111111110, sa_flags=SA_RESTART|SA_SIGINFO
SIGTERM: [libjvm.so+0xbff7b0], sa_mask[0]=11111111011111111101111111111110, sa_flags=SA_RESTART|SA_SIGINFO
SIGQUIT: [libjvm.so+0xbff7b0], sa_mask[0]=11111111011111111101111111111110, sa_flags=SA_RESTART|SA_SIGINFO


---------------  S Y S T E M  ---------------

OS:DISTRIB_ID=Ubuntu
DISTRIB_RELEASE=18.04
DISTRIB_CODENAME=bionic
DISTRIB_DESCRIPTION="Ubuntu 18.04.3 LTS"
uname:Linux 4.15.0-55-generic #60-Ubuntu SMP Tue Jul 2 18:22:20 UTC 2019 x86_64
libc:glibc 2.27 NPTL 2.27 
rlimit: STACK 8192k, CORE 0k, NPROC 31253, NOFILE 4096, AS infinity, DATA infinity, FSIZE infinity
load average:30.20 11.51 5.77

/proc/meminfo:
MemTotal:        8047024 kB
MemFree:          121288 kB
MemAvailable:      60904 kB
Buffers:            2700 kB
Cached:           983324 kB
SwapCached:         2228 kB
Active:          6391744 kB
Inactive:         949240 kB
Active(anon):    6364432 kB
Inactive(anon):   909208 kB
Active(file):      27312 kB
Inactive(file):    40032 kB
Unevictable:         104 kB
Mlocked:             104 kB
SwapTotal:       2097148 kB
SwapFree:             28 kB
Dirty:               552 kB
Writeback:             0 kB
AnonPages:       6354728 kB
Mapped:           353008 kB
Shmem:            918360 kB
Slab:             200428 kB
SReclaimable:      80344 kB
SUnreclaim:       120084 kB
KernelStack:       32528 kB
PageTables:       195236 kB
NFS_Unstable:          0 kB
Bounce:                0 kB
WritebackTmp:          0 kB
CommitLimit:     6120660 kB
Committed_AS:   29257544 kB
VmallocTotal:   34359738367 kB
VmallocUsed:           0 kB
VmallocChunk:          0 kB
HardwareCorrupted:     0 kB
AnonHugePages:         0 kB
ShmemHugePages:        0 kB
ShmemPmdMapped:        0 kB
CmaTotal:              0 kB
CmaFree:               0 kB
HugePages_Total:       0
HugePages_Free:        0
HugePages_Rsvd:        0
HugePages_Surp:        0
Hugepagesize:       2048 kB
DirectMap4k:     3523200 kB
DirectMap2M:     4745216 kB


/proc/sys/kernel/threads-max (system-wide limit on the number of threads):
62506


/proc/sys/vm/max_map_count (maximum number of memory map areas a process may have):
65530


/proc/sys/kernel/pid_max (system-wide limit on number of process identifiers):
32768



container (cgroup) information:
container_type: cgroupv1
cpu_cpuset_cpus: 0-3
cpu_memory_nodes: 0
active_processor_count: 4
cpu_quota: -1
cpu_period: 100000
cpu_shares: -1
memory_limit_in_bytes: -1
memory_and_swap_limit_in_bytes: -2
memory_soft_limit_in_bytes: -1
memory_usage_in_bytes: 7520944128
memory_max_usage_in_bytes: 1460649984


CPU:total 4 (initial active 4) (2 cores per cpu, 2 threads per core) family 6 model 42 stepping 7, cmov, cx8, fxsr, mmx, sse, sse2, sse3, ssse3, sse4.1, sse4.2, popcnt, avx, aes, clmul, ht, tsc, tscinvbit
CPU Model and flags from /proc/cpuinfo:
model name	: Intel(R) Core(TM) i5-2520M CPU @ 2.50GHz
flags		: fpu vme de pse tsc msr pae mce cx8 apic sep mtrr pge mca cmov pat pse36 clflush dts acpi mmx fxsr sse sse2 ss ht tm pbe syscall nx rdtscp lm constant_tsc arch_perfmon pebs bts nopl xtopology nonstop_tsc cpuid aperfmperf pni pclmulqdq dtes64 monitor ds_cpl vmx smx est tm2 ssse3 cx16 xtpr pdcm pcid sse4_1 sse4_2 x2apic popcnt tsc_deadline_timer aes xsave avx lahf_lm epb pti ssbd ibrs ibpb stibp tpr_shadow vnmi flexpriority ept vpid xsaveopt dtherm ida arat pln pts md_clear flush_l1d

Memory: 4k page, physical 8047024k(123692k free), swap 2097148k(28k free)

vm_info: Java HotSpot(TM) 64-Bit Server VM (11.0.2+9-LTS) for linux-amd64 JRE (11.0.2+9-LTS), built on Jan 17 2019 21:22:50 by "mach5one" with gcc 7.3.0

END.
